mode: atomic
github.com/aouyang1/go-forecaster/changepoint/changepoint.go:10.48,12.2 1 0
github.com/aouyang1/go-forecaster/feature/changepoint.go:25.69,27.2 1 0
github.com/aouyang1/go-forecaster/feature/changepoint.go:30.38,32.2 1 0
github.com/aouyang1/go-forecaster/feature/changepoint.go:36.55,37.32 1 0
github.com/aouyang1/go-forecaster/feature/changepoint.go:38.14,39.22 1 0
github.com/aouyang1/go-forecaster/feature/changepoint.go:40.31,41.41 1 0
github.com/aouyang1/go-forecaster/feature/changepoint.go:43.2,43.18 1 0
github.com/aouyang1/go-forecaster/feature/changepoint.go:47.41,49.2 1 0
github.com/aouyang1/go-forecaster/feature/changepoint.go:52.49,57.2 4 0
github.com/aouyang1/go-forecaster/feature/changepoint.go:61.56,67.16 3 0
github.com/aouyang1/go-forecaster/feature/changepoint.go:67.16,69.3 1 0
github.com/aouyang1/go-forecaster/feature/changepoint.go:70.2,72.12 3 0
github.com/aouyang1/go-forecaster/feature/seasonality.go:27.77,29.2 1 0
github.com/aouyang1/go-forecaster/feature/seasonality.go:32.38,34.2 1 0
github.com/aouyang1/go-forecaster/feature/seasonality.go:38.55,39.32 1 0
github.com/aouyang1/go-forecaster/feature/seasonality.go:40.14,41.22 1 0
github.com/aouyang1/go-forecaster/feature/seasonality.go:42.27,43.37 1 0
github.com/aouyang1/go-forecaster/feature/seasonality.go:44.15,45.37 1 0
github.com/aouyang1/go-forecaster/feature/seasonality.go:47.2,47.18 1 0
github.com/aouyang1/go-forecaster/feature/seasonality.go:51.41,53.2 1 0
github.com/aouyang1/go-forecaster/feature/seasonality.go:56.49,62.2 5 0
github.com/aouyang1/go-forecaster/feature/seasonality.go:66.56,73.16 3 0
github.com/aouyang1/go-forecaster/feature/seasonality.go:73.16,75.3 1 0
github.com/aouyang1/go-forecaster/feature/seasonality.go:76.2,79.16 4 0
github.com/aouyang1/go-forecaster/feature/seasonality.go:79.16,81.3 1 0
github.com/aouyang1/go-forecaster/feature/seasonality.go:82.2,82.12 1 0
github.com/aouyang1/go-forecaster/feature/set.go:17.20,21.2 1 0
github.com/aouyang1/go-forecaster/feature/set.go:23.25,25.2 1 0
github.com/aouyang1/go-forecaster/feature/set.go:27.48,31.2 3 0
github.com/aouyang1/go-forecaster/feature/set.go:33.46,35.40 2 0
github.com/aouyang1/go-forecaster/feature/set.go:35.40,37.3 1 0
github.com/aouyang1/go-forecaster/feature/set.go:38.2,38.21 1 0
github.com/aouyang1/go-forecaster/feature/set.go:41.30,43.40 2 0
github.com/aouyang1/go-forecaster/feature/set.go:43.40,45.3 1 0
github.com/aouyang1/go-forecaster/feature/set.go:46.2,47.29 2 0
github.com/aouyang1/go-forecaster/feature/set.go:47.29,48.31 1 0
github.com/aouyang1/go-forecaster/feature/set.go:48.31,52.9 4 0
github.com/aouyang1/go-forecaster/feature/set.go:55.2,55.25 1 0
github.com/aouyang1/go-forecaster/feature/set.go:58.34,59.18 1 0
github.com/aouyang1/go-forecaster/feature/set.go:59.18,61.3 1 0
github.com/aouyang1/go-forecaster/feature/set.go:62.2,62.22 1 0
github.com/aouyang1/go-forecaster/feature/set.go:62.22,64.3 1 0
github.com/aouyang1/go-forecaster/feature/set.go:65.2,65.33 1 0
github.com/aouyang1/go-forecaster/feature/set.go:65.33,67.41 2 0
github.com/aouyang1/go-forecaster/feature/set.go:67.41,69.4 1 0
github.com/aouyang1/go-forecaster/feature/set.go:70.3,70.34 1 0
github.com/aouyang1/go-forecaster/feature/set.go:75.34,76.14 1 0
github.com/aouyang1/go-forecaster/feature/set.go:76.14,78.3 1 0
github.com/aouyang1/go-forecaster/feature/set.go:80.2,84.23 3 0
github.com/aouyang1/go-forecaster/feature/set.go:84.23,86.4 1 0
github.com/aouyang1/go-forecaster/feature/set.go:88.2,88.15 1 0
github.com/aouyang1/go-forecaster/feature/set.go:94.49,95.14 1 0
github.com/aouyang1/go-forecaster/feature/set.go:95.14,97.3 1 0
github.com/aouyang1/go-forecaster/feature/set.go:99.2,100.29 2 0
github.com/aouyang1/go-forecaster/feature/set.go:100.29,102.3 1 0
github.com/aouyang1/go-forecaster/feature/set.go:104.2,106.39 2 0
github.com/aouyang1/go-forecaster/feature/set.go:106.39,108.8 2 0
github.com/aouyang1/go-forecaster/feature/set.go:110.2,111.15 2 0
github.com/aouyang1/go-forecaster/feature/set.go:111.15,113.3 1 0
github.com/aouyang1/go-forecaster/feature/set.go:115.2,118.15 3 0
github.com/aouyang1/go-forecaster/feature/set.go:118.15,119.26 1 0
github.com/aouyang1/go-forecaster/feature/set.go:119.26,122.4 2 0
github.com/aouyang1/go-forecaster/feature/set.go:123.3,123.15 1 0
github.com/aouyang1/go-forecaster/feature/set.go:126.2,126.38 1 0
github.com/aouyang1/go-forecaster/feature/set.go:126.38,127.45 1 0
github.com/aouyang1/go-forecaster/feature/set.go:127.45,131.4 2 0
github.com/aouyang1/go-forecaster/feature/set.go:132.3,132.15 1 0
github.com/aouyang1/go-forecaster/feature/set.go:134.2,134.32 1 0
github.com/aouyang1/go-forecaster/feature/time.go:15.33,17.2 1 0
github.com/aouyang1/go-forecaster/feature/time.go:20.31,22.2 1 0
github.com/aouyang1/go-forecaster/feature/time.go:26.48,27.32 1 0
github.com/aouyang1/go-forecaster/feature/time.go:28.14,29.22 1 0
github.com/aouyang1/go-forecaster/feature/time.go:31.2,31.18 1 0
github.com/aouyang1/go-forecaster/feature/time.go:35.34,37.2 1 0
github.com/aouyang1/go-forecaster/feature/time.go:40.42,44.2 3 0
github.com/aouyang1/go-forecaster/feature/time.go:48.49,50.2 1 0
github.com/aouyang1/go-forecaster/changepoint/changepoint.go:10.48,12.2 1 0
github.com/aouyang1/go-forecaster/feature/changepoint.go:25.69,27.2 1 0
github.com/aouyang1/go-forecaster/feature/changepoint.go:30.38,32.2 1 0
github.com/aouyang1/go-forecaster/feature/changepoint.go:36.55,37.32 1 0
github.com/aouyang1/go-forecaster/feature/changepoint.go:38.14,39.22 1 0
github.com/aouyang1/go-forecaster/feature/changepoint.go:40.31,41.41 1 0
github.com/aouyang1/go-forecaster/feature/changepoint.go:43.2,43.18 1 0
github.com/aouyang1/go-forecaster/feature/changepoint.go:47.41,49.2 1 0
github.com/aouyang1/go-forecaster/feature/changepoint.go:52.49,57.2 4 0
github.com/aouyang1/go-forecaster/feature/changepoint.go:61.56,67.16 3 0
github.com/aouyang1/go-forecaster/feature/changepoint.go:67.16,69.3 1 0
github.com/aouyang1/go-forecaster/feature/changepoint.go:70.2,72.12 3 0
github.com/aouyang1/go-forecaster/feature/seasonality.go:27.77,29.2 1 30
github.com/aouyang1/go-forecaster/feature/seasonality.go:32.38,34.2 1 638
github.com/aouyang1/go-forecaster/feature/seasonality.go:38.55,39.32 1 30
github.com/aouyang1/go-forecaster/feature/seasonality.go:40.14,41.22 1 30
github.com/aouyang1/go-forecaster/feature/seasonality.go:42.27,43.37 1 0
github.com/aouyang1/go-forecaster/feature/seasonality.go:44.15,45.37 1 0
github.com/aouyang1/go-forecaster/feature/seasonality.go:47.2,47.18 1 0
github.com/aouyang1/go-forecaster/feature/seasonality.go:51.41,53.2 1 42
github.com/aouyang1/go-forecaster/feature/seasonality.go:56.49,62.2 5 12
github.com/aouyang1/go-forecaster/feature/seasonality.go:66.56,73.16 3 90
github.com/aouyang1/go-forecaster/feature/seasonality.go:73.16,75.3 1 0
github.com/aouyang1/go-forecaster/feature/seasonality.go:76.2,79.16 4 90
github.com/aouyang1/go-forecaster/feature/seasonality.go:79.16,81.3 1 0
github.com/aouyang1/go-forecaster/feature/seasonality.go:82.2,82.12 1 90
github.com/aouyang1/go-forecaster/feature/set.go:17.20,21.2 1 26
github.com/aouyang1/go-forecaster/feature/set.go:23.25,25.2 1 9
github.com/aouyang1/go-forecaster/feature/set.go:27.48,31.2 3 23
github.com/aouyang1/go-forecaster/feature/set.go:33.46,35.40 2 53
github.com/aouyang1/go-forecaster/feature/set.go:35.40,37.3 1 53
github.com/aouyang1/go-forecaster/feature/set.go:38.2,38.21 1 53
github.com/aouyang1/go-forecaster/feature/set.go:41.30,43.40 2 0
github.com/aouyang1/go-forecaster/feature/set.go:43.40,45.3 1 0
github.com/aouyang1/go-forecaster/feature/set.go:46.2,47.29 2 0
github.com/aouyang1/go-forecaster/feature/set.go:47.29,48.31 1 0
github.com/aouyang1/go-forecaster/feature/set.go:48.31,52.9 4 0
github.com/aouyang1/go-forecaster/feature/set.go:55.2,55.25 1 0
github.com/aouyang1/go-forecaster/feature/set.go:58.34,59.18 1 10
github.com/aouyang1/go-forecaster/feature/set.go:59.18,61.3 1 0
github.com/aouyang1/go-forecaster/feature/set.go:62.2,62.22 1 10
github.com/aouyang1/go-forecaster/feature/set.go:62.22,64.3 1 0
github.com/aouyang1/go-forecaster/feature/set.go:65.2,65.33 1 10
github.com/aouyang1/go-forecaster/feature/set.go:65.33,67.41 2 30
github.com/aouyang1/go-forecaster/feature/set.go:67.41,69.4 1 30
github.com/aouyang1/go-forecaster/feature/set.go:70.3,70.34 1 30
github.com/aouyang1/go-forecaster/feature/set.go:75.34,76.14 1 27
github.com/aouyang1/go-forecaster/feature/set.go:76.14,78.3 1 0
github.com/aouyang1/go-forecaster/feature/set.go:80.2,84.23 3 27
github.com/aouyang1/go-forecaster/feature/set.go:84.23,86.4 1 177
github.com/aouyang1/go-forecaster/feature/set.go:88.2,88.15 1 27
github.com/aouyang1/go-forecaster/feature/set.go:94.49,95.14 1 8
github.com/aouyang1/go-forecaster/feature/set.go:95.14,97.3 1 0
github.com/aouyang1/go-forecaster/feature/set.go:99.2,100.29 2 8
github.com/aouyang1/go-forecaster/feature/set.go:100.29,102.3 1 0
github.com/aouyang1/go-forecaster/feature/set.go:104.2,106.39 2 8
github.com/aouyang1/go-forecaster/feature/set.go:106.39,108.8 2 8
github.com/aouyang1/go-forecaster/feature/set.go:110.2,111.15 2 8
github.com/aouyang1/go-forecaster/feature/set.go:111.15,113.3 1 5
github.com/aouyang1/go-forecaster/feature/set.go:115.2,118.15 3 8
github.com/aouyang1/go-forecaster/feature/set.go:118.15,119.26 1 5
github.com/aouyang1/go-forecaster/feature/set.go:119.26,122.4 2 50400
github.com/aouyang1/go-forecaster/feature/set.go:123.3,123.15 1 5
github.com/aouyang1/go-forecaster/feature/set.go:126.2,126.38 1 8
github.com/aouyang1/go-forecaster/feature/set.go:126.38,127.45 1 48
github.com/aouyang1/go-forecaster/feature/set.go:127.45,131.4 2 483840
github.com/aouyang1/go-forecaster/feature/set.go:132.3,132.15 1 48
github.com/aouyang1/go-forecaster/feature/set.go:134.2,134.32 1 8
github.com/aouyang1/go-forecaster/feature/time.go:15.33,17.2 1 10
github.com/aouyang1/go-forecaster/feature/time.go:20.31,22.2 1 10
github.com/aouyang1/go-forecaster/feature/time.go:26.48,27.32 1 0
github.com/aouyang1/go-forecaster/feature/time.go:28.14,29.22 1 0
github.com/aouyang1/go-forecaster/feature/time.go:31.2,31.18 1 0
github.com/aouyang1/go-forecaster/feature/time.go:35.34,37.2 1 0
github.com/aouyang1/go-forecaster/feature/time.go:40.42,44.2 3 0
github.com/aouyang1/go-forecaster/feature/time.go:48.49,50.2 1 0
github.com/aouyang1/go-forecaster/forecast/forecast.go:47.43,48.16 1 2
github.com/aouyang1/go-forecaster/forecast/forecast.go:48.16,50.3 1 0
github.com/aouyang1/go-forecaster/forecast/forecast.go:52.2,52.33 1 2
github.com/aouyang1/go-forecaster/forecast/forecast.go:57.51,67.2 2 1
github.com/aouyang1/go-forecaster/forecast/forecast.go:69.74,70.14 1 5
github.com/aouyang1/go-forecaster/forecast/forecast.go:70.14,72.3 1 0
github.com/aouyang1/go-forecaster/forecast/forecast.go:74.2,77.16 3 5
github.com/aouyang1/go-forecaster/forecast/forecast.go:77.16,79.3 1 0
github.com/aouyang1/go-forecaster/forecast/forecast.go:82.2,82.59 1 5
github.com/aouyang1/go-forecaster/forecast/forecast.go:82.59,83.35 1 5
github.com/aouyang1/go-forecaster/forecast/forecast.go:83.35,84.45 1 30
github.com/aouyang1/go-forecaster/forecast/forecast.go:84.45,86.5 1 0
github.com/aouyang1/go-forecaster/forecast/forecast.go:91.2,91.49 1 5
github.com/aouyang1/go-forecaster/forecast/forecast.go:91.49,92.56 1 0
github.com/aouyang1/go-forecaster/forecast/forecast.go:92.56,94.4 1 0
github.com/aouyang1/go-forecaster/forecast/forecast.go:95.3,95.116 1 0
github.com/aouyang1/go-forecaster/forecast/forecast.go:97.2,101.15 3 5
github.com/aouyang1/go-forecaster/forecast/forecast.go:101.15,103.39 2 3
github.com/aouyang1/go-forecaster/forecast/forecast.go:103.39,105.18 2 18
github.com/aouyang1/go-forecaster/forecast/forecast.go:105.18,107.5 1 0
github.com/aouyang1/go-forecaster/forecast/forecast.go:108.4,108.45 1 18
github.com/aouyang1/go-forecaster/forecast/forecast.go:111.3,111.35 1 3
github.com/aouyang1/go-forecaster/forecast/forecast.go:111.35,112.58 1 18
github.com/aouyang1/go-forecaster/forecast/forecast.go:112.58,114.5 1 0
github.com/aouyang1/go-forecaster/forecast/forecast.go:118.2,118.18 1 5
github.com/aouyang1/go-forecaster/forecast/forecast.go:123.58,124.14 1 2
github.com/aouyang1/go-forecaster/forecast/forecast.go:124.14,126.3 1 0
github.com/aouyang1/go-forecaster/forecast/forecast.go:128.2,129.16 2 2
github.com/aouyang1/go-forecaster/forecast/forecast.go:129.16,131.3 1 0
github.com/aouyang1/go-forecaster/forecast/forecast.go:134.2,138.43 3 2
github.com/aouyang1/go-forecaster/forecast/forecast.go:138.43,139.36 1 20160
github.com/aouyang1/go-forecaster/forecast/forecast.go:139.36,140.12 1 0
github.com/aouyang1/go-forecaster/forecast/forecast.go:142.3,143.51 2 20160
github.com/aouyang1/go-forecaster/forecast/forecast.go:146.2,146.25 1 2
github.com/aouyang1/go-forecaster/forecast/forecast.go:146.25,148.3 1 0
github.com/aouyang1/go-forecaster/forecast/forecast.go:150.2,153.16 3 2
github.com/aouyang1/go-forecaster/forecast/forecast.go:153.16,155.3 1 0
github.com/aouyang1/go-forecaster/forecast/forecast.go:157.2,165.16 7 2
github.com/aouyang1/go-forecaster/forecast/forecast.go:165.16,167.3 1 0
github.com/aouyang1/go-forecaster/forecast/forecast.go:168.2,168.52 1 2
github.com/aouyang1/go-forecaster/forecast/forecast.go:168.52,170.3 1 0
github.com/aouyang1/go-forecaster/forecast/forecast.go:171.2,179.16 7 2
github.com/aouyang1/go-forecaster/forecast/forecast.go:179.16,181.3 1 0
github.com/aouyang1/go-forecaster/forecast/forecast.go:182.2,187.16 4 2
github.com/aouyang1/go-forecaster/forecast/forecast.go:187.16,189.3 1 0
github.com/aouyang1/go-forecaster/forecast/forecast.go:190.2,193.16 3 2
github.com/aouyang1/go-forecaster/forecast/forecast.go:193.16,195.3 1 0
github.com/aouyang1/go-forecaster/forecast/forecast.go:196.2,204.12 7 2
github.com/aouyang1/go-forecaster/forecast/forecast.go:207.138,209.25 2 2
github.com/aouyang1/go-forecaster/forecast/forecast.go:209.25,216.3 2 12
github.com/aouyang1/go-forecaster/forecast/forecast.go:218.2,220.25 3 2
github.com/aouyang1/go-forecaster/forecast/forecast.go:220.25,222.17 2 12
github.com/aouyang1/go-forecaster/forecast/forecast.go:222.17,224.4 1 0
github.com/aouyang1/go-forecaster/forecast/forecast.go:225.3,225.20 1 12
github.com/aouyang1/go-forecaster/forecast/forecast.go:225.20,226.50 1 12
github.com/aouyang1/go-forecaster/forecast/forecast.go:226.50,228.15 2 0
github.com/aouyang1/go-forecaster/forecast/forecast.go:228.15,230.6 1 0
github.com/aouyang1/go-forecaster/forecast/forecast.go:232.4,232.41 1 12
github.com/aouyang1/go-forecaster/forecast/forecast.go:236.2,237.61 2 2
github.com/aouyang1/go-forecaster/forecast/forecast.go:237.61,238.54 1 0
github.com/aouyang1/go-forecaster/forecast/forecast.go:238.54,240.4 1 0
github.com/aouyang1/go-forecaster/forecast/forecast.go:243.2,243.40 1 2
github.com/aouyang1/go-forecaster/forecast/forecast.go:248.74,249.14 1 3
github.com/aouyang1/go-forecaster/forecast/forecast.go:249.14,251.3 1 0
github.com/aouyang1/go-forecaster/forecast/forecast.go:253.2,253.16 1 3
github.com/aouyang1/go-forecaster/forecast/forecast.go:253.16,255.3 1 0
github.com/aouyang1/go-forecaster/forecast/forecast.go:258.2,259.16 2 3
github.com/aouyang1/go-forecaster/forecast/forecast.go:259.16,261.3 1 0
github.com/aouyang1/go-forecaster/forecast/forecast.go:263.2,265.34 3 3
github.com/aouyang1/go-forecaster/forecast/forecast.go:265.34,267.14 2 18
github.com/aouyang1/go-forecaster/forecast/forecast.go:267.14,268.12 1 0
github.com/aouyang1/go-forecaster/forecast/forecast.go:270.3,270.22 1 18
github.com/aouyang1/go-forecaster/forecast/forecast.go:271.39,272.41 1 0
github.com/aouyang1/go-forecaster/forecast/forecast.go:273.39,274.41 1 18
github.com/aouyang1/go-forecaster/forecast/forecast.go:278.2,279.16 2 3
github.com/aouyang1/go-forecaster/forecast/forecast.go:279.16,281.3 1 0
github.com/aouyang1/go-forecaster/forecast/forecast.go:282.2,283.16 2 3
github.com/aouyang1/go-forecaster/forecast/forecast.go:283.16,285.3 1 0
github.com/aouyang1/go-forecaster/forecast/forecast.go:286.2,292.23 3 3
github.com/aouyang1/go-forecaster/forecast/forecast.go:295.100,296.14 1 9
github.com/aouyang1/go-forecaster/forecast/forecast.go:296.14,298.3 1 0
github.com/aouyang1/go-forecaster/forecast/forecast.go:300.2,300.14 1 9
github.com/aouyang1/go-forecaster/forecast/forecast.go:300.14,302.3 1 0
github.com/aouyang1/go-forecaster/forecast/forecast.go:304.2,307.12 2 9
github.com/aouyang1/go-forecaster/forecast/forecast.go:307.12,309.20 2 3
github.com/aouyang1/go-forecaster/forecast/forecast.go:309.20,311.4 1 3
github.com/aouyang1/go-forecaster/forecast/forecast.go:312.3,312.18 1 3
github.com/aouyang1/go-forecaster/forecast/forecast.go:315.2,315.19 1 6
github.com/aouyang1/go-forecaster/forecast/forecast.go:315.19,317.3 1 3
github.com/aouyang1/go-forecaster/forecast/forecast.go:319.2,320.19 2 6
github.com/aouyang1/go-forecaster/forecast/forecast.go:320.19,322.3 1 3
github.com/aouyang1/go-forecaster/forecast/forecast.go:324.2,325.31 2 6
github.com/aouyang1/go-forecaster/forecast/forecast.go:325.31,327.3 1 36
github.com/aouyang1/go-forecaster/forecast/forecast.go:328.2,328.38 1 6
github.com/aouyang1/go-forecaster/forecast/forecast.go:328.38,330.17 2 36
github.com/aouyang1/go-forecaster/forecast/forecast.go:330.17,332.4 1 0
github.com/aouyang1/go-forecaster/forecast/forecast.go:333.3,333.46 1 36
github.com/aouyang1/go-forecaster/forecast/forecast.go:333.46,335.4 1 36
github.com/aouyang1/go-forecaster/forecast/forecast.go:338.2,346.18 6 6
github.com/aouyang1/go-forecaster/forecast/forecast.go:350.71,351.14 1 0
github.com/aouyang1/go-forecaster/forecast/forecast.go:351.14,353.3 1 0
github.com/aouyang1/go-forecaster/forecast/forecast.go:354.2,354.14 1 0
github.com/aouyang1/go-forecaster/forecast/forecast.go:354.14,356.3 1 0
github.com/aouyang1/go-forecaster/forecast/forecast.go:358.2,361.13 3 0
github.com/aouyang1/go-forecaster/forecast/forecast.go:361.13,363.3 1 0
github.com/aouyang1/go-forecaster/forecast/forecast.go:365.2,366.16 2 0
github.com/aouyang1/go-forecaster/forecast/forecast.go:366.16,368.3 1 0
github.com/aouyang1/go-forecaster/forecast/forecast.go:370.2,370.44 1 0
github.com/aouyang1/go-forecaster/forecast/forecast.go:374.63,375.14 1 2
github.com/aouyang1/go-forecaster/forecast/forecast.go:375.14,377.3 1 0
github.com/aouyang1/go-forecaster/forecast/forecast.go:379.2,380.38 2 2
github.com/aouyang1/go-forecaster/forecast/forecast.go:380.38,382.17 2 12
github.com/aouyang1/go-forecaster/forecast/forecast.go:382.17,384.4 1 0
github.com/aouyang1/go-forecaster/forecast/forecast.go:385.3,385.32 1 12
github.com/aouyang1/go-forecaster/forecast/forecast.go:387.2,387.21 1 2
github.com/aouyang1/go-forecaster/forecast/forecast.go:392.63,393.14 1 2
github.com/aouyang1/go-forecaster/forecast/forecast.go:393.14,395.3 1 0
github.com/aouyang1/go-forecaster/forecast/forecast.go:397.2,397.32 1 2
github.com/aouyang1/go-forecaster/forecast/forecast.go:397.32,399.3 1 0
github.com/aouyang1/go-forecaster/forecast/forecast.go:400.2,401.38 2 2
github.com/aouyang1/go-forecaster/forecast/forecast.go:401.38,403.17 2 12
github.com/aouyang1/go-forecaster/forecast/forecast.go:403.17,405.4 1 0
github.com/aouyang1/go-forecaster/forecast/forecast.go:406.3,406.30 1 12
github.com/aouyang1/go-forecaster/forecast/forecast.go:408.2,408.18 1 2
github.com/aouyang1/go-forecaster/forecast/forecast.go:412.40,413.14 1 2
github.com/aouyang1/go-forecaster/forecast/forecast.go:413.14,415.3 1 0
github.com/aouyang1/go-forecaster/forecast/forecast.go:416.2,416.20 1 2
github.com/aouyang1/go-forecaster/forecast/forecast.go:422.43,423.14 1 1
github.com/aouyang1/go-forecaster/forecast/forecast.go:423.14,425.3 1 0
github.com/aouyang1/go-forecaster/forecast/forecast.go:426.2,426.16 1 1
github.com/aouyang1/go-forecaster/forecast/forecast.go:426.16,428.3 1 0
github.com/aouyang1/go-forecaster/forecast/forecast.go:430.2,439.15 2 1
github.com/aouyang1/go-forecaster/forecast/forecast.go:444.46,445.14 1 0
github.com/aouyang1/go-forecaster/forecast/forecast.go:445.14,447.3 1 0
github.com/aouyang1/go-forecaster/forecast/forecast.go:449.2,452.38 3 0
github.com/aouyang1/go-forecaster/forecast/forecast.go:452.38,453.20 1 0
github.com/aouyang1/go-forecaster/forecast/forecast.go:453.20,454.12 1 0
github.com/aouyang1/go-forecaster/forecast/forecast.go:456.3,457.17 2 0
github.com/aouyang1/go-forecaster/forecast/forecast.go:457.17,459.4 1 0
github.com/aouyang1/go-forecaster/forecast/forecast.go:460.3,460.54 1 0
github.com/aouyang1/go-forecaster/forecast/forecast.go:462.2,462.16 1 0
github.com/aouyang1/go-forecaster/forecast/forecast.go:467.36,468.14 1 1
github.com/aouyang1/go-forecaster/forecast/forecast.go:468.14,470.3 1 0
github.com/aouyang1/go-forecaster/forecast/forecast.go:471.2,471.21 1 1
github.com/aouyang1/go-forecaster/forecast/forecast.go:471.21,473.3 1 0
github.com/aouyang1/go-forecaster/forecast/forecast.go:474.2,474.18 1 1
github.com/aouyang1/go-forecaster/forecast/forecast.go:479.42,480.14 1 0
github.com/aouyang1/go-forecaster/forecast/forecast.go:480.14,482.3 1 0
github.com/aouyang1/go-forecaster/forecast/forecast.go:483.2,485.12 3 0
github.com/aouyang1/go-forecaster/forecast/forecast.go:490.47,491.14 1 0
github.com/aouyang1/go-forecaster/forecast/forecast.go:491.14,493.3 1 0
github.com/aouyang1/go-forecaster/forecast/forecast.go:494.2,496.12 3 0
github.com/aouyang1/go-forecaster/forecast/forecast.go:500.53,501.14 1 0
github.com/aouyang1/go-forecaster/forecast/forecast.go:501.14,503.3 1 0
github.com/aouyang1/go-forecaster/forecast/forecast.go:504.2,506.12 3 0
github.com/aouyang1/go-forecaster/forecast/model.go:29.62,31.28 2 0
github.com/aouyang1/go-forecaster/forecast/model.go:31.28,33.17 2 0
github.com/aouyang1/go-forecaster/forecast/model.go:33.17,35.4 1 0
github.com/aouyang1/go-forecaster/forecast/model.go:36.3,36.32 1 0
github.com/aouyang1/go-forecaster/forecast/model.go:38.2,38.20 1 0
github.com/aouyang1/go-forecaster/forecast/model.go:42.44,44.28 2 0
github.com/aouyang1/go-forecaster/forecast/model.go:44.28,46.3 1 0
github.com/aouyang1/go-forecaster/forecast/model.go:47.2,47.13 1 0
github.com/aouyang1/go-forecaster/forecast/model.go:57.69,63.2 1 0
github.com/aouyang1/go-forecaster/forecast/model.go:66.63,67.17 1 90
github.com/aouyang1/go-forecaster/forecast/model.go:68.38,70.17 2 0
github.com/aouyang1/go-forecaster/forecast/model.go:70.17,72.4 1 0
github.com/aouyang1/go-forecaster/forecast/model.go:73.3,74.53 2 0
github.com/aouyang1/go-forecaster/forecast/model.go:74.53,76.4 1 0
github.com/aouyang1/go-forecaster/forecast/model.go:77.3,77.19 1 0
github.com/aouyang1/go-forecaster/forecast/model.go:79.38,81.17 2 90
github.com/aouyang1/go-forecaster/forecast/model.go:81.17,83.4 1 0
github.com/aouyang1/go-forecaster/forecast/model.go:84.3,85.54 2 90
github.com/aouyang1/go-forecaster/forecast/model.go:85.54,87.4 1 0
github.com/aouyang1/go-forecaster/forecast/model.go:88.3,88.19 1 90
github.com/aouyang1/go-forecaster/forecast/model.go:90.2,90.35 1 0
github.com/aouyang1/go-forecaster/forecast/options.go:16.35,23.2 1 0
github.com/aouyang1/go-forecaster/forecast/options.go:41.56,47.2 1 0
github.com/aouyang1/go-forecaster/forecast/score.go:21.62,23.16 2 3
github.com/aouyang1/go-forecaster/forecast/score.go:23.16,25.3 1 0
github.com/aouyang1/go-forecaster/forecast/score.go:26.2,27.16 2 3
github.com/aouyang1/go-forecaster/forecast/score.go:27.16,29.3 1 0
github.com/aouyang1/go-forecaster/forecast/score.go:30.2,31.16 2 3
github.com/aouyang1/go-forecaster/forecast/score.go:31.16,33.3 1 0
github.com/aouyang1/go-forecaster/forecast/score.go:35.2,39.8 1 3
github.com/aouyang1/go-forecaster/forecast/score.go:44.56,45.35 1 3
github.com/aouyang1/go-forecaster/forecast/score.go:45.35,47.3 1 0
github.com/aouyang1/go-forecaster/forecast/score.go:49.2,50.35 2 3
github.com/aouyang1/go-forecaster/forecast/score.go:50.35,51.56 1 30240
github.com/aouyang1/go-forecaster/forecast/score.go:51.56,52.12 1 0
github.com/aouyang1/go-forecaster/forecast/score.go:54.3,54.47 1 30240
github.com/aouyang1/go-forecaster/forecast/score.go:56.2,57.17 2 3
github.com/aouyang1/go-forecaster/forecast/score.go:62.57,63.35 1 3
github.com/aouyang1/go-forecaster/forecast/score.go:63.35,65.3 1 0
github.com/aouyang1/go-forecaster/forecast/score.go:67.2,68.35 2 3
github.com/aouyang1/go-forecaster/forecast/score.go:68.35,69.74 1 30240
github.com/aouyang1/go-forecaster/forecast/score.go:69.74,70.12 1 0
github.com/aouyang1/go-forecaster/forecast/score.go:72.3,72.59 1 30240
github.com/aouyang1/go-forecaster/forecast/score.go:74.2,75.18 2 3
github.com/aouyang1/go-forecaster/forecast/score.go:80.61,81.35 1 3
github.com/aouyang1/go-forecaster/forecast/score.go:81.35,83.3 1 0
github.com/aouyang1/go-forecaster/forecast/score.go:85.2,87.38 3 3
github.com/aouyang1/go-forecaster/forecast/score.go:87.38,88.56 1 30240
github.com/aouyang1/go-forecaster/forecast/score.go:88.56,89.12 1 0
github.com/aouyang1/go-forecaster/forecast/score.go:91.3,92.47 2 30240
github.com/aouyang1/go-forecaster/forecast/score.go:94.2,95.20 2 3
github.com/aouyang1/go-forecaster/forecast/score.go:95.20,97.3 1 0
github.com/aouyang1/go-forecaster/forecast/score.go:98.2,98.16 1 3
github.com/aouyang1/go-forecaster/forecast/util.go:17.48,20.2 2 0
github.com/aouyang1/go-forecaster/forecast/util.go:22.69,23.16 1 5
github.com/aouyang1/go-forecaster/forecast/util.go:23.16,25.3 1 0
github.com/aouyang1/go-forecaster/forecast/util.go:26.2,27.25 2 5
github.com/aouyang1/go-forecaster/forecast/util.go:27.25,29.26 2 5
github.com/aouyang1/go-forecaster/forecast/util.go:29.26,32.4 2 50400
github.com/aouyang1/go-forecaster/forecast/util.go:33.3,34.23 2 5
github.com/aouyang1/go-forecaster/forecast/util.go:36.2,36.26 1 5
github.com/aouyang1/go-forecaster/forecast/util.go:36.26,38.26 2 0
github.com/aouyang1/go-forecaster/forecast/util.go:38.26,41.4 2 0
github.com/aouyang1/go-forecaster/forecast/util.go:42.3,43.23 2 0
github.com/aouyang1/go-forecaster/forecast/util.go:45.2,45.14 1 5
github.com/aouyang1/go-forecaster/forecast/util.go:48.86,49.16 1 5
github.com/aouyang1/go-forecaster/forecast/util.go:49.16,51.3 1 0
github.com/aouyang1/go-forecaster/forecast/util.go:52.2,53.25 2 5
github.com/aouyang1/go-forecaster/forecast/util.go:53.25,55.41 2 5
github.com/aouyang1/go-forecaster/forecast/util.go:55.41,57.4 1 15
github.com/aouyang1/go-forecaster/forecast/util.go:58.3,59.17 2 5
github.com/aouyang1/go-forecaster/forecast/util.go:59.17,61.4 1 0
github.com/aouyang1/go-forecaster/forecast/util.go:62.3,62.26 1 5
github.com/aouyang1/go-forecaster/forecast/util.go:65.2,65.26 1 5
github.com/aouyang1/go-forecaster/forecast/util.go:65.26,67.42 2 0
github.com/aouyang1/go-forecaster/forecast/util.go:67.42,68.42 1 0
github.com/aouyang1/go-forecaster/forecast/util.go:68.42,70.13 1 0
github.com/aouyang1/go-forecaster/forecast/util.go:72.4,72.30 1 0
github.com/aouyang1/go-forecaster/forecast/util.go:74.3,75.17 2 0
github.com/aouyang1/go-forecaster/forecast/util.go:75.17,77.4 1 0
github.com/aouyang1/go-forecaster/forecast/util.go:78.3,78.27 1 0
github.com/aouyang1/go-forecaster/forecast/util.go:80.2,80.15 1 5
github.com/aouyang1/go-forecaster/forecast/util.go:83.116,84.22 1 5
github.com/aouyang1/go-forecaster/forecast/util.go:84.22,86.3 1 0
github.com/aouyang1/go-forecaster/forecast/util.go:87.2,88.13 2 5
github.com/aouyang1/go-forecaster/forecast/util.go:88.13,90.3 1 0
github.com/aouyang1/go-forecaster/forecast/util.go:92.2,93.31 2 5
github.com/aouyang1/go-forecaster/forecast/util.go:93.31,99.3 5 15
github.com/aouyang1/go-forecaster/forecast/util.go:101.2,101.15 1 5
github.com/aouyang1/go-forecaster/forecast/util.go:104.104,108.36 4 15
github.com/aouyang1/go-forecaster/forecast/util.go:108.36,112.3 3 151200
github.com/aouyang1/go-forecaster/forecast/util.go:113.2,113.25 1 15
github.com/aouyang1/go-forecaster/forecast/util.go:116.79,118.25 2 0
github.com/aouyang1/go-forecaster/forecast/util.go:118.25,119.47 1 0
github.com/aouyang1/go-forecaster/forecast/util.go:119.47,121.4 1 0
github.com/aouyang1/go-forecaster/forecast/util.go:122.3,122.46 1 0
github.com/aouyang1/go-forecaster/forecast/util.go:122.46,124.4 1 0
github.com/aouyang1/go-forecaster/forecast/util.go:127.2,131.25 4 0
github.com/aouyang1/go-forecaster/forecast/util.go:131.25,137.3 2 0
github.com/aouyang1/go-forecaster/forecast/util.go:138.2,138.14 1 0
github.com/aouyang1/go-forecaster/forecast/util.go:141.122,143.29 2 5
github.com/aouyang1/go-forecaster/forecast/util.go:143.29,146.36 1 0
github.com/aouyang1/go-forecaster/forecast/util.go:146.36,147.12 1 0
github.com/aouyang1/go-forecaster/forecast/util.go:149.3,149.46 1 0
github.com/aouyang1/go-forecaster/forecast/util.go:153.2,154.44 2 5
github.com/aouyang1/go-forecaster/forecast/util.go:154.44,157.3 2 0
github.com/aouyang1/go-forecaster/forecast/util.go:160.2,161.37 2 5
github.com/aouyang1/go-forecaster/forecast/util.go:161.37,163.3 1 0
github.com/aouyang1/go-forecaster/forecast/util.go:165.2,167.30 3 5
github.com/aouyang1/go-forecaster/forecast/util.go:167.30,168.43 1 50400
github.com/aouyang1/go-forecaster/forecast/util.go:168.43,169.72 1 0
github.com/aouyang1/go-forecaster/forecast/util.go:169.72,173.5 3 0
github.com/aouyang1/go-forecaster/forecast/util.go:177.2,177.63 1 5
github.com/aouyang1/go-forecaster/forecast/util.go:180.104,182.34 2 5
github.com/aouyang1/go-forecaster/forecast/util.go:182.34,184.26 2 0
github.com/aouyang1/go-forecaster/forecast/util.go:184.26,186.4 1 0
github.com/aouyang1/go-forecaster/forecast/util.go:187.3,191.44 4 0
github.com/aouyang1/go-forecaster/forecast/util.go:193.2,193.13 1 5
github.com/aouyang1/go-forecaster/timedataset/timedataset.go:23.77,24.17 1 2
github.com/aouyang1/go-forecaster/timedataset/timedataset.go:24.17,26.3 1 0
github.com/aouyang1/go-forecaster/timedataset/timedataset.go:27.2,27.22 1 2
github.com/aouyang1/go-forecaster/timedataset/timedataset.go:27.22,32.3 1 0
github.com/aouyang1/go-forecaster/timedataset/timedataset.go:34.2,35.30 2 2
github.com/aouyang1/go-forecaster/timedataset/timedataset.go:35.30,37.48 2 20160
github.com/aouyang1/go-forecaster/timedataset/timedataset.go:37.48,39.4 1 0
github.com/aouyang1/go-forecaster/timedataset/timedataset.go:40.3,40.16 1 20160
github.com/aouyang1/go-forecaster/timedataset/timedataset.go:43.2,52.16 6 2
github.com/aouyang1/go-forecaster/timedataset/timedataset.go:55.44,64.2 5 0
github.com/aouyang1/go-forecaster/mat/mat.go:19.59,23.24 3 7
github.com/aouyang1/go-forecaster/mat/mat.go:23.24,24.30 1 9
github.com/aouyang1/go-forecaster/mat/mat.go:24.30,26.4 1 1
github.com/aouyang1/go-forecaster/mat/mat.go:27.3,27.12 1 8
github.com/aouyang1/go-forecaster/mat/mat.go:27.12,29.4 1 5
github.com/aouyang1/go-forecaster/mat/mat.go:31.2,31.11 1 6
github.com/aouyang1/go-forecaster/mat/mat.go:31.11,33.3 1 2
github.com/aouyang1/go-forecaster/mat/mat.go:36.2,37.24 2 6
github.com/aouyang1/go-forecaster/mat/mat.go:37.24,39.3 1 7
github.com/aouyang1/go-forecaster/mat/mat.go:40.2,40.38 1 6
github.com/aouyang1/go-forecaster/timedataset/timedataset.go:23.77,24.17 1 0
github.com/aouyang1/go-forecaster/timedataset/timedataset.go:24.17,26.3 1 0
github.com/aouyang1/go-forecaster/timedataset/timedataset.go:27.2,27.22 1 0
github.com/aouyang1/go-forecaster/timedataset/timedataset.go:27.22,32.3 1 0
github.com/aouyang1/go-forecaster/timedataset/timedataset.go:34.2,35.30 2 0
github.com/aouyang1/go-forecaster/timedataset/timedataset.go:35.30,37.48 2 0
github.com/aouyang1/go-forecaster/timedataset/timedataset.go:37.48,39.4 1 0
github.com/aouyang1/go-forecaster/timedataset/timedataset.go:40.3,40.16 1 0
github.com/aouyang1/go-forecaster/timedataset/timedataset.go:43.2,52.16 6 0
github.com/aouyang1/go-forecaster/timedataset/timedataset.go:55.44,64.2 5 0
github.com/aouyang1/go-forecaster/stats/stat.go:16.83,34.30 15 0
github.com/aouyang1/go-forecaster/stats/stat.go:34.30,35.35 1 0
github.com/aouyang1/go-forecaster/stats/stat.go:35.35,37.4 1 0
github.com/aouyang1/go-forecaster/stats/stat.go:39.2,39.19 1 0
github.com/aouyang1/go-forecaster/models/lasso.go:41.58,42.14 1 7
github.com/aouyang1/go-forecaster/models/lasso.go:42.14,44.3 1 1
github.com/aouyang1/go-forecaster/models/lasso.go:46.2,46.18 1 7
github.com/aouyang1/go-forecaster/models/lasso.go:46.18,48.3 1 1
github.com/aouyang1/go-forecaster/models/lasso.go:49.2,49.22 1 6
github.com/aouyang1/go-forecaster/models/lasso.go:49.22,51.3 1 1
github.com/aouyang1/go-forecaster/models/lasso.go:52.2,52.21 1 5
github.com/aouyang1/go-forecaster/models/lasso.go:52.21,54.3 1 1
github.com/aouyang1/go-forecaster/models/lasso.go:55.2,55.15 1 4
github.com/aouyang1/go-forecaster/models/lasso.go:59.45,67.2 1 4
github.com/aouyang1/go-forecaster/models/lasso.go:78.70,80.16 2 2
github.com/aouyang1/go-forecaster/models/lasso.go:80.16,82.3 1 0
github.com/aouyang1/go-forecaster/models/lasso.go:83.2,85.8 1 2
github.com/aouyang1/go-forecaster/models/lasso.go:89.54,90.18 1 2
github.com/aouyang1/go-forecaster/models/lasso.go:90.18,92.3 1 0
github.com/aouyang1/go-forecaster/models/lasso.go:93.2,93.14 1 2
github.com/aouyang1/go-forecaster/models/lasso.go:93.14,95.3 1 0
github.com/aouyang1/go-forecaster/models/lasso.go:96.2,96.14 1 2
github.com/aouyang1/go-forecaster/models/lasso.go:96.14,98.3 1 0
github.com/aouyang1/go-forecaster/models/lasso.go:100.2,103.13 3 2
github.com/aouyang1/go-forecaster/models/lasso.go:103.13,105.3 1 0
github.com/aouyang1/go-forecaster/models/lasso.go:107.2,107.24 1 2
github.com/aouyang1/go-forecaster/models/lasso.go:107.24,117.3 8 1
github.com/aouyang1/go-forecaster/models/lasso.go:119.2,119.65 1 2
github.com/aouyang1/go-forecaster/models/lasso.go:119.65,121.3 1 0
github.com/aouyang1/go-forecaster/models/lasso.go:124.2,125.32 2 2
github.com/aouyang1/go-forecaster/models/lasso.go:125.32,127.3 1 0
github.com/aouyang1/go-forecaster/models/lasso.go:129.2,133.25 3 2
github.com/aouyang1/go-forecaster/models/lasso.go:133.25,137.3 3 6
github.com/aouyang1/go-forecaster/models/lasso.go:140.2,151.40 5 2
github.com/aouyang1/go-forecaster/models/lasso.go:151.40,157.26 4 84
github.com/aouyang1/go-forecaster/models/lasso.go:157.26,159.14 2 252
github.com/aouyang1/go-forecaster/models/lasso.go:159.14,160.22 1 246
github.com/aouyang1/go-forecaster/models/lasso.go:160.22,161.14 1 0
github.com/aouyang1/go-forecaster/models/lasso.go:165.4,179.22 12 252
github.com/aouyang1/go-forecaster/models/lasso.go:183.3,183.42 1 84
github.com/aouyang1/go-forecaster/models/lasso.go:183.42,184.9 1 2
github.com/aouyang1/go-forecaster/models/lasso.go:188.2,188.24 1 2
github.com/aouyang1/go-forecaster/models/lasso.go:188.24,191.3 2 1
github.com/aouyang1/go-forecaster/models/lasso.go:191.8,193.3 1 1
github.com/aouyang1/go-forecaster/models/lasso.go:195.2,195.12 1 2
github.com/aouyang1/go-forecaster/models/lasso.go:199.68,200.18 1 2
github.com/aouyang1/go-forecaster/models/lasso.go:200.18,202.3 1 0
github.com/aouyang1/go-forecaster/models/lasso.go:203.2,203.14 1 2
github.com/aouyang1/go-forecaster/models/lasso.go:203.14,205.3 1 0
github.com/aouyang1/go-forecaster/models/lasso.go:207.2,208.24 2 2
github.com/aouyang1/go-forecaster/models/lasso.go:208.24,220.3 9 1
github.com/aouyang1/go-forecaster/models/lasso.go:221.2,224.13 3 2
github.com/aouyang1/go-forecaster/models/lasso.go:224.13,226.3 1 0
github.com/aouyang1/go-forecaster/models/lasso.go:228.2,233.31 5 2
github.com/aouyang1/go-forecaster/models/lasso.go:237.67,238.18 1 2
github.com/aouyang1/go-forecaster/models/lasso.go:238.18,240.3 1 0
github.com/aouyang1/go-forecaster/models/lasso.go:241.2,241.14 1 2
github.com/aouyang1/go-forecaster/models/lasso.go:241.14,243.3 1 0
github.com/aouyang1/go-forecaster/models/lasso.go:244.2,244.14 1 2
github.com/aouyang1/go-forecaster/models/lasso.go:244.14,246.3 1 0
github.com/aouyang1/go-forecaster/models/lasso.go:248.2,251.13 3 2
github.com/aouyang1/go-forecaster/models/lasso.go:251.13,253.3 1 0
github.com/aouyang1/go-forecaster/models/lasso.go:255.2,256.16 2 2
github.com/aouyang1/go-forecaster/models/lasso.go:256.16,258.3 1 0
github.com/aouyang1/go-forecaster/models/lasso.go:260.2,262.49 2 2
github.com/aouyang1/go-forecaster/models/lasso.go:266.47,268.2 1 1
github.com/aouyang1/go-forecaster/models/lasso.go:271.44,273.2 1 2
github.com/aouyang1/go-forecaster/models/lasso.go:276.46,278.21 2 252
github.com/aouyang1/go-forecaster/models/lasso.go:278.21,280.3 1 6
github.com/aouyang1/go-forecaster/models/lasso.go:281.2,281.12 1 246
github.com/aouyang1/go-forecaster/models/ols.go:18.54,19.14 1 4
github.com/aouyang1/go-forecaster/models/ols.go:19.14,21.3 1 2
github.com/aouyang1/go-forecaster/models/ols.go:23.2,23.15 1 4
github.com/aouyang1/go-forecaster/models/ols.go:27.41,31.2 1 3
github.com/aouyang1/go-forecaster/models/ols.go:41.64,43.16 2 2
github.com/aouyang1/go-forecaster/models/ols.go:43.16,45.3 1 0
github.com/aouyang1/go-forecaster/models/ols.go:46.2,48.8 1 2
github.com/aouyang1/go-forecaster/models/ols.go:52.52,53.18 1 2
github.com/aouyang1/go-forecaster/models/ols.go:53.18,55.3 1 0
github.com/aouyang1/go-forecaster/models/ols.go:56.2,56.14 1 2
github.com/aouyang1/go-forecaster/models/ols.go:56.14,58.3 1 0
github.com/aouyang1/go-forecaster/models/ols.go:59.2,59.14 1 2
github.com/aouyang1/go-forecaster/models/ols.go:59.14,61.3 1 0
github.com/aouyang1/go-forecaster/models/ols.go:62.2,65.13 3 2
github.com/aouyang1/go-forecaster/models/ols.go:65.13,67.3 1 0
github.com/aouyang1/go-forecaster/models/ols.go:69.2,69.24 1 2
github.com/aouyang1/go-forecaster/models/ols.go:69.24,79.3 8 1
github.com/aouyang1/go-forecaster/models/ols.go:81.2,95.30 11 2
github.com/aouyang1/go-forecaster/models/ols.go:95.30,97.30 2 6
github.com/aouyang1/go-forecaster/models/ols.go:97.30,99.4 1 6
github.com/aouyang1/go-forecaster/models/ols.go:100.3,100.21 1 6
github.com/aouyang1/go-forecaster/models/ols.go:103.2,103.24 1 2
github.com/aouyang1/go-forecaster/models/ols.go:103.24,106.3 2 1
github.com/aouyang1/go-forecaster/models/ols.go:106.8,108.3 1 1
github.com/aouyang1/go-forecaster/models/ols.go:110.2,110.12 1 2
github.com/aouyang1/go-forecaster/models/ols.go:114.66,115.18 1 2
github.com/aouyang1/go-forecaster/models/ols.go:115.18,117.3 1 0
github.com/aouyang1/go-forecaster/models/ols.go:118.2,118.14 1 2
github.com/aouyang1/go-forecaster/models/ols.go:118.14,120.3 1 0
github.com/aouyang1/go-forecaster/models/ols.go:122.2,123.24 2 2
github.com/aouyang1/go-forecaster/models/ols.go:123.24,135.3 9 1
github.com/aouyang1/go-forecaster/models/ols.go:136.2,140.13 4 2
github.com/aouyang1/go-forecaster/models/ols.go:140.13,142.3 1 0
github.com/aouyang1/go-forecaster/models/ols.go:143.2,147.31 4 2
github.com/aouyang1/go-forecaster/models/ols.go:151.65,152.18 1 2
github.com/aouyang1/go-forecaster/models/ols.go:152.18,154.3 1 0
github.com/aouyang1/go-forecaster/models/ols.go:155.2,155.14 1 2
github.com/aouyang1/go-forecaster/models/ols.go:155.14,157.3 1 0
github.com/aouyang1/go-forecaster/models/ols.go:158.2,158.14 1 2
github.com/aouyang1/go-forecaster/models/ols.go:158.14,160.3 1 0
github.com/aouyang1/go-forecaster/models/ols.go:162.2,165.13 3 2
github.com/aouyang1/go-forecaster/models/ols.go:165.13,167.3 1 0
github.com/aouyang1/go-forecaster/models/ols.go:169.2,170.16 2 2
github.com/aouyang1/go-forecaster/models/ols.go:170.16,172.3 1 0
github.com/aouyang1/go-forecaster/models/ols.go:174.2,176.49 2 2
github.com/aouyang1/go-forecaster/models/ols.go:180.45,182.2 1 2
github.com/aouyang1/go-forecaster/models/ols.go:185.42,189.2 3 2
github.com/aouyang1/go-forecaster/forecaster.go:48.45,49.16 1 9
github.com/aouyang1/go-forecaster/forecaster.go:49.16,51.3 1 3
github.com/aouyang1/go-forecaster/forecaster.go:53.2,58.16 3 9
github.com/aouyang1/go-forecaster/forecaster.go:58.16,60.3 1 0
github.com/aouyang1/go-forecaster/forecaster.go:61.2,64.16 3 9
github.com/aouyang1/go-forecaster/forecaster.go:64.16,66.3 1 0
github.com/aouyang1/go-forecaster/forecaster.go:67.2,68.15 2 9
github.com/aouyang1/go-forecaster/forecaster.go:73.53,74.26 1 0
github.com/aouyang1/go-forecaster/forecaster.go:74.26,76.3 1 0
github.com/aouyang1/go-forecaster/forecaster.go:77.2,82.16 5 0
github.com/aouyang1/go-forecaster/forecaster.go:82.16,84.3 1 0
github.com/aouyang1/go-forecaster/forecaster.go:85.2,86.16 2 0
github.com/aouyang1/go-forecaster/forecaster.go:86.16,88.3 1 0
github.com/aouyang1/go-forecaster/forecaster.go:89.2,94.15 2 0
github.com/aouyang1/go-forecaster/forecaster.go:98.60,100.16 2 9
github.com/aouyang1/go-forecaster/forecaster.go:100.16,102.3 1 1
github.com/aouyang1/go-forecaster/forecaster.go:103.2,106.16 3 8
github.com/aouyang1/go-forecaster/forecaster.go:106.16,108.3 1 1
github.com/aouyang1/go-forecaster/forecaster.go:112.2,114.30 3 7
github.com/aouyang1/go-forecaster/forecaster.go:114.30,115.26 1 63370
github.com/aouyang1/go-forecaster/forecaster.go:115.26,118.4 2 63370
github.com/aouyang1/go-forecaster/forecaster.go:118.9,120.4 1 0
github.com/aouyang1/go-forecaster/forecaster.go:123.2,124.16 2 7
github.com/aouyang1/go-forecaster/forecaster.go:124.16,126.3 1 0
github.com/aouyang1/go-forecaster/forecaster.go:130.2,137.30 5 7
github.com/aouyang1/go-forecaster/forecaster.go:137.30,138.62 1 63370
github.com/aouyang1/go-forecaster/forecaster.go:138.62,141.4 2 62775
github.com/aouyang1/go-forecaster/forecaster.go:141.9,143.4 1 595
github.com/aouyang1/go-forecaster/forecaster.go:146.2,146.100 1 7
github.com/aouyang1/go-forecaster/forecaster.go:146.100,148.3 1 0
github.com/aouyang1/go-forecaster/forecaster.go:150.2,151.16 2 7
github.com/aouyang1/go-forecaster/forecaster.go:151.16,153.3 1 0
github.com/aouyang1/go-forecaster/forecaster.go:155.2,155.12 1 7
github.com/aouyang1/go-forecaster/forecaster.go:158.126,163.24 3 8
github.com/aouyang1/go-forecaster/forecaster.go:163.24,165.3 1 8
github.com/aouyang1/go-forecaster/forecaster.go:167.2,168.34 2 8
github.com/aouyang1/go-forecaster/forecaster.go:168.34,169.50 1 18
github.com/aouyang1/go-forecaster/forecaster.go:169.50,171.4 1 1
github.com/aouyang1/go-forecaster/forecaster.go:173.3,176.48 2 17
github.com/aouyang1/go-forecaster/forecaster.go:176.48,177.9 1 0
github.com/aouyang1/go-forecaster/forecaster.go:180.3,187.35 3 17
github.com/aouyang1/go-forecaster/forecaster.go:187.35,189.4 1 788
github.com/aouyang1/go-forecaster/forecaster.go:192.3,192.28 1 17
github.com/aouyang1/go-forecaster/forecaster.go:192.28,193.9 1 7
github.com/aouyang1/go-forecaster/forecaster.go:196.3,196.31 1 10
github.com/aouyang1/go-forecaster/forecaster.go:196.31,197.42 1 86400
github.com/aouyang1/go-forecaster/forecaster.go:197.42,199.13 2 788
github.com/aouyang1/go-forecaster/forecaster.go:203.2,203.22 1 7
github.com/aouyang1/go-forecaster/forecaster.go:208.87,209.37 1 7
github.com/aouyang1/go-forecaster/forecaster.go:209.37,211.3 1 0
github.com/aouyang1/go-forecaster/forecaster.go:217.2,218.55 2 7
github.com/aouyang1/go-forecaster/forecaster.go:218.55,220.3 1 1
github.com/aouyang1/go-forecaster/forecaster.go:221.2,221.35 1 7
github.com/aouyang1/go-forecaster/forecaster.go:221.35,223.3 1 0
github.com/aouyang1/go-forecaster/forecaster.go:224.2,229.34 4 7
github.com/aouyang1/go-forecaster/forecaster.go:229.34,234.39 3 62775
github.com/aouyang1/go-forecaster/forecaster.go:234.39,235.32 1 6276618
github.com/aouyang1/go-forecaster/forecaster.go:235.32,240.5 4 788
github.com/aouyang1/go-forecaster/forecaster.go:242.3,243.69 2 62775
github.com/aouyang1/go-forecaster/forecaster.go:245.2,245.26 1 7
github.com/aouyang1/go-forecaster/forecaster.go:248.127,250.16 2 7
github.com/aouyang1/go-forecaster/forecaster.go:250.16,252.3 1 0
github.com/aouyang1/go-forecaster/forecaster.go:254.2,254.86 1 7
github.com/aouyang1/go-forecaster/forecaster.go:254.86,256.3 1 0
github.com/aouyang1/go-forecaster/forecaster.go:258.2,258.12 1 7
github.com/aouyang1/go-forecaster/forecaster.go:262.63,264.16 2 10
github.com/aouyang1/go-forecaster/forecaster.go:264.16,266.3 1 0
github.com/aouyang1/go-forecaster/forecaster.go:267.2,268.16 2 10
github.com/aouyang1/go-forecaster/forecaster.go:268.16,270.3 1 0
github.com/aouyang1/go-forecaster/forecaster.go:273.2,273.43 1 10
github.com/aouyang1/go-forecaster/forecaster.go:273.43,274.30 1 65098
github.com/aouyang1/go-forecaster/forecaster.go:274.30,276.4 1 0
github.com/aouyang1/go-forecaster/forecaster.go:279.2,295.15 10 10
github.com/aouyang1/go-forecaster/forecaster.go:299.73,300.14 1 0
github.com/aouyang1/go-forecaster/forecaster.go:300.14,302.3 1 0
github.com/aouyang1/go-forecaster/forecaster.go:303.2,303.14 1 0
github.com/aouyang1/go-forecaster/forecaster.go:303.14,305.3 1 0
github.com/aouyang1/go-forecaster/forecaster.go:307.2,310.13 3 0
github.com/aouyang1/go-forecaster/forecaster.go:310.13,312.3 1 0
github.com/aouyang1/go-forecaster/forecaster.go:314.2,315.16 2 0
github.com/aouyang1/go-forecaster/forecaster.go:315.16,317.3 1 0
github.com/aouyang1/go-forecaster/forecaster.go:319.2,319.53 1 0
github.com/aouyang1/go-forecaster/forecaster.go:323.44,325.2 1 3
github.com/aouyang1/go-forecaster/forecaster.go:328.46,330.2 1 3
github.com/aouyang1/go-forecaster/forecaster.go:333.49,335.2 1 3
github.com/aouyang1/go-forecaster/forecaster.go:338.55,340.2 1 3
github.com/aouyang1/go-forecaster/forecaster.go:343.48,345.2 1 0
github.com/aouyang1/go-forecaster/forecaster.go:348.71,350.2 1 0
github.com/aouyang1/go-forecaster/forecaster.go:353.53,355.2 1 0
github.com/aouyang1/go-forecaster/forecaster.go:358.76,360.2 1 0
github.com/aouyang1/go-forecaster/forecaster.go:364.45,366.16 2 7
github.com/aouyang1/go-forecaster/forecaster.go:366.16,368.3 1 0
github.com/aouyang1/go-forecaster/forecaster.go:369.2,370.16 2 7
github.com/aouyang1/go-forecaster/forecaster.go:370.16,372.3 1 0
github.com/aouyang1/go-forecaster/forecaster.go:373.2,378.15 2 7
github.com/aouyang1/go-forecaster/forecaster.go:383.54,385.2 1 0
github.com/aouyang1/go-forecaster/forecaster.go:389.59,391.2 1 0
github.com/aouyang1/go-forecaster/forecaster.go:394.62,396.2 1 3
github.com/aouyang1/go-forecaster/forecaster.go:399.44,401.2 1 0
github.com/aouyang1/go-forecaster/forecaster.go:412.64,416.19 3 3
github.com/aouyang1/go-forecaster/forecaster.go:416.19,418.3 1 0
github.com/aouyang1/go-forecaster/forecaster.go:419.2,421.16 3 3
github.com/aouyang1/go-forecaster/forecaster.go:421.16,424.3 2 0
github.com/aouyang1/go-forecaster/forecaster.go:425.2,425.20 1 3
github.com/aouyang1/go-forecaster/forecaster.go:425.20,427.3 1 0
github.com/aouyang1/go-forecaster/forecaster.go:429.2,433.34 5 3
github.com/aouyang1/go-forecaster/forecaster.go:433.34,438.3 4 1728
github.com/aouyang1/go-forecaster/forecaster.go:440.2,441.16 2 3
github.com/aouyang1/go-forecaster/forecaster.go:441.16,443.3 1 0
github.com/aouyang1/go-forecaster/forecaster.go:445.2,480.16 12 3
github.com/aouyang1/go-forecaster/forecaster.go:480.16,482.3 1 0
github.com/aouyang1/go-forecaster/forecaster.go:483.2,483.42 1 3
github.com/aouyang1/go-forecaster/model.go:20.51,22.16 2 0
github.com/aouyang1/go-forecaster/model.go:22.16,24.3 1 0
github.com/aouyang1/go-forecaster/model.go:26.2,27.12 2 0
github.com/aouyang1/go-forecaster/model.go:30.46,39.51 5 3
github.com/aouyang1/go-forecaster/model.go:39.51,41.3 1 0
github.com/aouyang1/go-forecaster/model.go:41.8,49.3 2 3
github.com/aouyang1/go-forecaster/model.go:51.2,51.64 1 3
github.com/aouyang1/go-forecaster/model.go:51.64,53.3 1 0
github.com/aouyang1/go-forecaster/model.go:53.8,55.73 2 3
github.com/aouyang1/go-forecaster/model.go:55.73,57.4 1 19
github.com/aouyang1/go-forecaster/model.go:60.2,71.43 7 3
github.com/aouyang1/go-forecaster/model.go:71.43,73.17 2 81
github.com/aouyang1/go-forecaster/model.go:73.17,75.4 1 0
github.com/aouyang1/go-forecaster/model.go:76.3,77.20 2 81
github.com/aouyang1/go-forecaster/model.go:77.20,79.4 1 0
github.com/aouyang1/go-forecaster/model.go:80.3,80.82 1 81
github.com/aouyang1/go-forecaster/model.go:82.2,97.64 8 3
github.com/aouyang1/go-forecaster/model.go:97.64,99.3 1 0
github.com/aouyang1/go-forecaster/model.go:99.8,101.73 2 3
github.com/aouyang1/go-forecaster/model.go:101.73,103.4 1 19
github.com/aouyang1/go-forecaster/model.go:106.2,117.48 7 3
github.com/aouyang1/go-forecaster/model.go:117.48,119.17 2 72
github.com/aouyang1/go-forecaster/model.go:119.17,121.4 1 0
github.com/aouyang1/go-forecaster/model.go:122.3,123.20 2 72
github.com/aouyang1/go-forecaster/model.go:123.20,125.4 1 0
github.com/aouyang1/go-forecaster/model.go:126.3,126.87 1 72
github.com/aouyang1/go-forecaster/model.go:128.2,130.12 3 3
github.com/aouyang1/go-forecaster/options.go:16.42,23.2 1 9
github.com/aouyang1/go-forecaster/options.go:30.40,35.2 1 3
github.com/aouyang1/go-forecaster/options.go:43.50,49.2 1 3
github.com/aouyang1/go-forecaster/options.go:58.35,63.2 1 3
github.com/aouyang1/go-forecaster/util.go:14.96,27.30 5 6
github.com/aouyang1/go-forecaster/util.go:27.30,29.34 2 12
github.com/aouyang1/go-forecaster/util.go:29.34,30.14 1 76032
github.com/aouyang1/go-forecaster/util.go:30.14,32.5 1 38016
github.com/aouyang1/go-forecaster/util.go:34.4,34.27 1 76032
github.com/aouyang1/go-forecaster/util.go:34.27,36.5 1 4402
github.com/aouyang1/go-forecaster/util.go:36.10,38.5 1 71630
github.com/aouyang1/go-forecaster/util.go:42.2,43.36 2 6
github.com/aouyang1/go-forecaster/util.go:43.36,45.3 1 12
github.com/aouyang1/go-forecaster/util.go:47.2,47.13 1 6
github.com/aouyang1/go-forecaster/util.go:52.103,72.37 10 3
github.com/aouyang1/go-forecaster/util.go:72.37,77.3 4 17280
github.com/aouyang1/go-forecaster/util.go:79.2,79.42 1 3
github.com/aouyang1/go-forecaster/util.go:79.42,83.3 3 1728
github.com/aouyang1/go-forecaster/util.go:85.2,90.13 2 3
github.com/aouyang1/go-forecaster/changepoint/changepoint.go:10.48,12.2 1 104
github.com/aouyang1/go-forecaster/feature/changepoint.go:25.69,27.2 1 546
github.com/aouyang1/go-forecaster/feature/changepoint.go:30.38,32.2 1 26448
github.com/aouyang1/go-forecaster/feature/changepoint.go:36.55,37.32 1 91
github.com/aouyang1/go-forecaster/feature/changepoint.go:38.14,39.22 1 91
github.com/aouyang1/go-forecaster/feature/changepoint.go:40.31,41.41 1 0
github.com/aouyang1/go-forecaster/feature/changepoint.go:43.2,43.18 1 0
github.com/aouyang1/go-forecaster/feature/changepoint.go:47.41,49.2 1 504
github.com/aouyang1/go-forecaster/feature/changepoint.go:52.49,57.2 4 276
github.com/aouyang1/go-forecaster/feature/changepoint.go:61.56,67.16 3 892
github.com/aouyang1/go-forecaster/feature/changepoint.go:67.16,69.3 1 0
github.com/aouyang1/go-forecaster/feature/changepoint.go:70.2,72.12 3 892
github.com/aouyang1/go-forecaster/feature/seasonality.go:27.77,29.2 1 2428
github.com/aouyang1/go-forecaster/feature/seasonality.go:32.38,34.2 1 130344
github.com/aouyang1/go-forecaster/feature/seasonality.go:38.55,39.32 1 2176
github.com/aouyang1/go-forecaster/feature/seasonality.go:40.14,41.22 1 2176
github.com/aouyang1/go-forecaster/feature/seasonality.go:42.27,43.37 1 0
github.com/aouyang1/go-forecaster/feature/seasonality.go:44.15,45.37 1 0
github.com/aouyang1/go-forecaster/feature/seasonality.go:47.2,47.18 1 0
github.com/aouyang1/go-forecaster/feature/seasonality.go:51.41,53.2 1 1687
github.com/aouyang1/go-forecaster/feature/seasonality.go:56.49,62.2 5 485
github.com/aouyang1/go-forecaster/feature/seasonality.go:66.56,73.16 3 3366
github.com/aouyang1/go-forecaster/feature/seasonality.go:73.16,75.3 1 0
github.com/aouyang1/go-forecaster/feature/seasonality.go:76.2,79.16 4 3366
github.com/aouyang1/go-forecaster/feature/seasonality.go:79.16,81.3 1 0
github.com/aouyang1/go-forecaster/feature/seasonality.go:82.2,82.12 1 3366
github.com/aouyang1/go-forecaster/feature/set.go:17.20,21.2 1 422
github.com/aouyang1/go-forecaster/feature/set.go:23.25,25.2 1 132
github.com/aouyang1/go-forecaster/feature/set.go:27.48,31.2 3 1046
github.com/aouyang1/go-forecaster/feature/set.go:33.46,35.40 2 4020
github.com/aouyang1/go-forecaster/feature/set.go:35.40,37.3 1 4020
github.com/aouyang1/go-forecaster/feature/set.go:38.2,38.21 1 4020
github.com/aouyang1/go-forecaster/feature/set.go:41.30,43.40 2 1297
github.com/aouyang1/go-forecaster/feature/set.go:43.40,45.3 1 0
github.com/aouyang1/go-forecaster/feature/set.go:46.2,47.29 2 1297
github.com/aouyang1/go-forecaster/feature/set.go:47.29,48.31 1 31922
github.com/aouyang1/go-forecaster/feature/set.go:48.31,52.9 4 1297
github.com/aouyang1/go-forecaster/feature/set.go:55.2,55.25 1 1297
github.com/aouyang1/go-forecaster/feature/set.go:58.34,59.18 1 198
github.com/aouyang1/go-forecaster/feature/set.go:59.18,61.3 1 0
github.com/aouyang1/go-forecaster/feature/set.go:62.2,62.22 1 198
github.com/aouyang1/go-forecaster/feature/set.go:62.22,64.3 1 0
github.com/aouyang1/go-forecaster/feature/set.go:65.2,65.33 1 198
github.com/aouyang1/go-forecaster/feature/set.go:65.33,67.41 2 2974
github.com/aouyang1/go-forecaster/feature/set.go:67.41,69.4 1 2974
github.com/aouyang1/go-forecaster/feature/set.go:70.3,70.34 1 2974
github.com/aouyang1/go-forecaster/feature/set.go:75.34,76.14 1 392
github.com/aouyang1/go-forecaster/feature/set.go:76.14,78.3 1 0
github.com/aouyang1/go-forecaster/feature/set.go:80.2,84.23 3 392
github.com/aouyang1/go-forecaster/feature/set.go:84.23,86.4 1 37169
github.com/aouyang1/go-forecaster/feature/set.go:88.2,88.15 1 392
github.com/aouyang1/go-forecaster/feature/set.go:94.49,95.14 1 121
github.com/aouyang1/go-forecaster/feature/set.go:95.14,97.3 1 0
github.com/aouyang1/go-forecaster/feature/set.go:99.2,100.29 2 121
github.com/aouyang1/go-forecaster/feature/set.go:100.29,102.3 1 0
github.com/aouyang1/go-forecaster/feature/set.go:104.2,106.39 2 121
github.com/aouyang1/go-forecaster/feature/set.go:106.39,108.8 2 121
github.com/aouyang1/go-forecaster/feature/set.go:110.2,111.15 2 121
github.com/aouyang1/go-forecaster/feature/set.go:111.15,113.3 1 81
github.com/aouyang1/go-forecaster/feature/set.go:115.2,118.15 3 121
github.com/aouyang1/go-forecaster/feature/set.go:118.15,119.26 1 81
github.com/aouyang1/go-forecaster/feature/set.go:119.26,122.4 2 635742
github.com/aouyang1/go-forecaster/feature/set.go:123.3,123.15 1 81
github.com/aouyang1/go-forecaster/feature/set.go:126.2,126.38 1 121
github.com/aouyang1/go-forecaster/feature/set.go:126.38,127.45 1 2593
github.com/aouyang1/go-forecaster/feature/set.go:127.45,131.4 2 18912981
github.com/aouyang1/go-forecaster/feature/set.go:132.3,132.15 1 2593
github.com/aouyang1/go-forecaster/feature/set.go:134.2,134.32 1 121
github.com/aouyang1/go-forecaster/feature/time.go:15.33,17.2 1 260
github.com/aouyang1/go-forecaster/feature/time.go:20.31,22.2 1 260
github.com/aouyang1/go-forecaster/feature/time.go:26.48,27.32 1 0
github.com/aouyang1/go-forecaster/feature/time.go:28.14,29.22 1 0
github.com/aouyang1/go-forecaster/feature/time.go:31.2,31.18 1 0
github.com/aouyang1/go-forecaster/feature/time.go:35.34,37.2 1 0
github.com/aouyang1/go-forecaster/feature/time.go:40.42,44.2 3 0
github.com/aouyang1/go-forecaster/feature/time.go:48.49,50.2 1 0
github.com/aouyang1/go-forecaster/stats/stat.go:16.83,34.30 15 17
github.com/aouyang1/go-forecaster/stats/stat.go:34.30,35.35 1 149770
github.com/aouyang1/go-forecaster/stats/stat.go:35.35,37.4 1 788
github.com/aouyang1/go-forecaster/stats/stat.go:39.2,39.19 1 17
github.com/aouyang1/go-forecaster/timedataset/timedataset.go:23.77,24.17 1 41
github.com/aouyang1/go-forecaster/timedataset/timedataset.go:24.17,26.3 1 1
github.com/aouyang1/go-forecaster/timedataset/timedataset.go:27.2,27.22 1 40
github.com/aouyang1/go-forecaster/timedataset/timedataset.go:27.22,32.3 1 0
github.com/aouyang1/go-forecaster/timedataset/timedataset.go:34.2,35.30 2 40
github.com/aouyang1/go-forecaster/timedataset/timedataset.go:35.30,37.48 2 338710
github.com/aouyang1/go-forecaster/timedataset/timedataset.go:37.48,39.4 1 0
github.com/aouyang1/go-forecaster/timedataset/timedataset.go:40.3,40.16 1 338710
github.com/aouyang1/go-forecaster/timedataset/timedataset.go:43.2,52.16 6 40
github.com/aouyang1/go-forecaster/timedataset/timedataset.go:55.44,64.2 5 8
