mode: atomic
github.com/aouyang1/go-forecaster/changepoint/changepoint.go:10.48,12.2 1 0
github.com/aouyang1/go-forecaster/feature/changepoint.go:25.69,27.2 1 0
github.com/aouyang1/go-forecaster/feature/changepoint.go:30.38,32.2 1 0
github.com/aouyang1/go-forecaster/feature/changepoint.go:36.55,37.32 1 0
github.com/aouyang1/go-forecaster/feature/changepoint.go:38.14,39.22 1 0
github.com/aouyang1/go-forecaster/feature/changepoint.go:40.31,41.41 1 0
github.com/aouyang1/go-forecaster/feature/changepoint.go:43.2,43.18 1 0
github.com/aouyang1/go-forecaster/feature/changepoint.go:47.41,49.2 1 0
github.com/aouyang1/go-forecaster/feature/changepoint.go:52.49,57.2 4 0
github.com/aouyang1/go-forecaster/feature/changepoint.go:61.56,67.16 3 0
github.com/aouyang1/go-forecaster/feature/changepoint.go:67.16,69.3 1 0
github.com/aouyang1/go-forecaster/feature/changepoint.go:70.2,72.12 3 0
github.com/aouyang1/go-forecaster/feature/seasonality.go:27.77,29.2 1 0
github.com/aouyang1/go-forecaster/feature/seasonality.go:32.38,34.2 1 0
github.com/aouyang1/go-forecaster/feature/seasonality.go:38.55,39.32 1 0
github.com/aouyang1/go-forecaster/feature/seasonality.go:40.14,41.22 1 0
github.com/aouyang1/go-forecaster/feature/seasonality.go:42.27,43.37 1 0
github.com/aouyang1/go-forecaster/feature/seasonality.go:44.15,45.37 1 0
github.com/aouyang1/go-forecaster/feature/seasonality.go:47.2,47.18 1 0
github.com/aouyang1/go-forecaster/feature/seasonality.go:51.41,53.2 1 0
github.com/aouyang1/go-forecaster/feature/seasonality.go:56.49,62.2 5 0
github.com/aouyang1/go-forecaster/feature/seasonality.go:66.56,73.16 3 0
github.com/aouyang1/go-forecaster/feature/seasonality.go:73.16,75.3 1 0
github.com/aouyang1/go-forecaster/feature/seasonality.go:76.2,79.16 4 0
github.com/aouyang1/go-forecaster/feature/seasonality.go:79.16,81.3 1 0
github.com/aouyang1/go-forecaster/feature/seasonality.go:82.2,82.12 1 0
github.com/aouyang1/go-forecaster/feature/set.go:17.20,21.2 1 0
github.com/aouyang1/go-forecaster/feature/set.go:23.25,25.2 1 0
github.com/aouyang1/go-forecaster/feature/set.go:27.48,31.2 3 0
github.com/aouyang1/go-forecaster/feature/set.go:33.46,35.40 2 0
github.com/aouyang1/go-forecaster/feature/set.go:35.40,37.3 1 0
github.com/aouyang1/go-forecaster/feature/set.go:38.2,38.21 1 0
github.com/aouyang1/go-forecaster/feature/set.go:41.30,43.40 2 0
github.com/aouyang1/go-forecaster/feature/set.go:43.40,45.3 1 0
github.com/aouyang1/go-forecaster/feature/set.go:46.2,47.29 2 0
github.com/aouyang1/go-forecaster/feature/set.go:47.29,48.31 1 0
github.com/aouyang1/go-forecaster/feature/set.go:48.31,52.9 4 0
github.com/aouyang1/go-forecaster/feature/set.go:55.2,55.25 1 0
github.com/aouyang1/go-forecaster/feature/set.go:58.34,59.18 1 0
github.com/aouyang1/go-forecaster/feature/set.go:59.18,61.3 1 0
github.com/aouyang1/go-forecaster/feature/set.go:62.2,62.22 1 0
github.com/aouyang1/go-forecaster/feature/set.go:62.22,64.3 1 0
github.com/aouyang1/go-forecaster/feature/set.go:65.2,65.33 1 0
github.com/aouyang1/go-forecaster/feature/set.go:65.33,67.41 2 0
github.com/aouyang1/go-forecaster/feature/set.go:67.41,69.4 1 0
github.com/aouyang1/go-forecaster/feature/set.go:70.3,70.34 1 0
github.com/aouyang1/go-forecaster/feature/set.go:75.34,76.14 1 0
github.com/aouyang1/go-forecaster/feature/set.go:76.14,78.3 1 0
github.com/aouyang1/go-forecaster/feature/set.go:80.2,84.23 3 0
github.com/aouyang1/go-forecaster/feature/set.go:84.23,86.4 1 0
github.com/aouyang1/go-forecaster/feature/set.go:88.2,88.15 1 0
github.com/aouyang1/go-forecaster/feature/set.go:94.49,95.14 1 0
github.com/aouyang1/go-forecaster/feature/set.go:95.14,97.3 1 0
github.com/aouyang1/go-forecaster/feature/set.go:99.2,100.29 2 0
github.com/aouyang1/go-forecaster/feature/set.go:100.29,102.3 1 0
github.com/aouyang1/go-forecaster/feature/set.go:104.2,106.39 2 0
github.com/aouyang1/go-forecaster/feature/set.go:106.39,108.8 2 0
github.com/aouyang1/go-forecaster/feature/set.go:110.2,111.15 2 0
github.com/aouyang1/go-forecaster/feature/set.go:111.15,113.3 1 0
github.com/aouyang1/go-forecaster/feature/set.go:115.2,118.15 3 0
github.com/aouyang1/go-forecaster/feature/set.go:118.15,119.26 1 0
github.com/aouyang1/go-forecaster/feature/set.go:119.26,122.4 2 0
github.com/aouyang1/go-forecaster/feature/set.go:123.3,123.15 1 0
github.com/aouyang1/go-forecaster/feature/set.go:126.2,126.38 1 0
github.com/aouyang1/go-forecaster/feature/set.go:126.38,127.45 1 0
github.com/aouyang1/go-forecaster/feature/set.go:127.45,131.4 2 0
github.com/aouyang1/go-forecaster/feature/set.go:132.3,132.15 1 0
github.com/aouyang1/go-forecaster/feature/set.go:134.2,134.32 1 0
github.com/aouyang1/go-forecaster/feature/time.go:15.33,17.2 1 0
github.com/aouyang1/go-forecaster/feature/time.go:20.31,22.2 1 0
github.com/aouyang1/go-forecaster/feature/time.go:26.48,27.32 1 0
github.com/aouyang1/go-forecaster/feature/time.go:28.14,29.22 1 0
github.com/aouyang1/go-forecaster/feature/time.go:31.2,31.18 1 0
github.com/aouyang1/go-forecaster/feature/time.go:35.34,37.2 1 0
github.com/aouyang1/go-forecaster/feature/time.go:40.42,44.2 3 0
github.com/aouyang1/go-forecaster/feature/time.go:48.49,50.2 1 0
github.com/aouyang1/go-forecaster/mat/mat.go:12.59,16.24 3 7
github.com/aouyang1/go-forecaster/mat/mat.go:16.24,17.30 1 9
github.com/aouyang1/go-forecaster/mat/mat.go:17.30,19.4 1 1
github.com/aouyang1/go-forecaster/mat/mat.go:20.3,20.12 1 8
github.com/aouyang1/go-forecaster/mat/mat.go:20.12,22.4 1 5
github.com/aouyang1/go-forecaster/mat/mat.go:24.2,24.11 1 6
github.com/aouyang1/go-forecaster/mat/mat.go:24.11,26.3 1 2
github.com/aouyang1/go-forecaster/mat/mat.go:29.2,30.24 2 6
github.com/aouyang1/go-forecaster/mat/mat.go:30.24,32.3 1 7
github.com/aouyang1/go-forecaster/mat/mat.go:33.2,33.38 1 6
github.com/aouyang1/go-forecaster/stats/stat.go:16.83,34.30 15 0
github.com/aouyang1/go-forecaster/stats/stat.go:34.30,35.35 1 0
github.com/aouyang1/go-forecaster/stats/stat.go:35.35,37.4 1 0
github.com/aouyang1/go-forecaster/stats/stat.go:39.2,39.19 1 0
github.com/aouyang1/go-forecaster/timedataset/timedataset.go:23.77,24.17 1 0
github.com/aouyang1/go-forecaster/timedataset/timedataset.go:24.17,26.3 1 0
github.com/aouyang1/go-forecaster/timedataset/timedataset.go:27.2,27.22 1 0
github.com/aouyang1/go-forecaster/timedataset/timedataset.go:27.22,32.3 1 0
github.com/aouyang1/go-forecaster/timedataset/timedataset.go:34.2,35.30 2 0
github.com/aouyang1/go-forecaster/timedataset/timedataset.go:35.30,37.48 2 0
github.com/aouyang1/go-forecaster/timedataset/timedataset.go:37.48,39.4 1 0
github.com/aouyang1/go-forecaster/timedataset/timedataset.go:40.3,40.16 1 0
github.com/aouyang1/go-forecaster/timedataset/timedataset.go:43.2,52.16 6 0
github.com/aouyang1/go-forecaster/timedataset/timedataset.go:55.44,64.2 5 0
github.com/aouyang1/go-forecaster/changepoint/changepoint.go:10.48,12.2 1 0
github.com/aouyang1/go-forecaster/feature/changepoint.go:25.69,27.2 1 0
github.com/aouyang1/go-forecaster/feature/changepoint.go:30.38,32.2 1 0
github.com/aouyang1/go-forecaster/feature/changepoint.go:36.55,37.32 1 0
github.com/aouyang1/go-forecaster/feature/changepoint.go:38.14,39.22 1 0
github.com/aouyang1/go-forecaster/feature/changepoint.go:40.31,41.41 1 0
github.com/aouyang1/go-forecaster/feature/changepoint.go:43.2,43.18 1 0
github.com/aouyang1/go-forecaster/feature/changepoint.go:47.41,49.2 1 0
github.com/aouyang1/go-forecaster/feature/changepoint.go:52.49,57.2 4 0
github.com/aouyang1/go-forecaster/feature/changepoint.go:61.56,67.16 3 0
github.com/aouyang1/go-forecaster/feature/changepoint.go:67.16,69.3 1 0
github.com/aouyang1/go-forecaster/feature/changepoint.go:70.2,72.12 3 0
github.com/aouyang1/go-forecaster/feature/seasonality.go:27.77,29.2 1 30
github.com/aouyang1/go-forecaster/feature/seasonality.go:32.38,34.2 1 596
github.com/aouyang1/go-forecaster/feature/seasonality.go:38.55,39.32 1 12
github.com/aouyang1/go-forecaster/feature/seasonality.go:40.14,41.22 1 12
github.com/aouyang1/go-forecaster/feature/seasonality.go:42.27,43.37 1 0
github.com/aouyang1/go-forecaster/feature/seasonality.go:44.15,45.37 1 0
github.com/aouyang1/go-forecaster/feature/seasonality.go:47.2,47.18 1 0
github.com/aouyang1/go-forecaster/feature/seasonality.go:51.41,53.2 1 42
github.com/aouyang1/go-forecaster/feature/seasonality.go:56.49,62.2 5 12
github.com/aouyang1/go-forecaster/feature/seasonality.go:66.56,73.16 3 90
github.com/aouyang1/go-forecaster/feature/seasonality.go:73.16,75.3 1 0
github.com/aouyang1/go-forecaster/feature/seasonality.go:76.2,79.16 4 90
github.com/aouyang1/go-forecaster/feature/seasonality.go:79.16,81.3 1 0
github.com/aouyang1/go-forecaster/feature/seasonality.go:82.2,82.12 1 90
github.com/aouyang1/go-forecaster/feature/set.go:17.20,21.2 1 26
github.com/aouyang1/go-forecaster/feature/set.go:23.25,25.2 1 9
github.com/aouyang1/go-forecaster/feature/set.go:27.48,31.2 3 23
github.com/aouyang1/go-forecaster/feature/set.go:33.46,35.40 2 53
github.com/aouyang1/go-forecaster/feature/set.go:35.40,37.3 1 53
github.com/aouyang1/go-forecaster/feature/set.go:38.2,38.21 1 53
github.com/aouyang1/go-forecaster/feature/set.go:41.30,43.40 2 0
github.com/aouyang1/go-forecaster/feature/set.go:43.40,45.3 1 0
github.com/aouyang1/go-forecaster/feature/set.go:46.2,47.29 2 0
github.com/aouyang1/go-forecaster/feature/set.go:47.29,48.31 1 0
github.com/aouyang1/go-forecaster/feature/set.go:48.31,52.9 4 0
github.com/aouyang1/go-forecaster/feature/set.go:55.2,55.25 1 0
github.com/aouyang1/go-forecaster/feature/set.go:58.34,59.18 1 10
github.com/aouyang1/go-forecaster/feature/set.go:59.18,61.3 1 0
github.com/aouyang1/go-forecaster/feature/set.go:62.2,62.22 1 10
github.com/aouyang1/go-forecaster/feature/set.go:62.22,64.3 1 0
github.com/aouyang1/go-forecaster/feature/set.go:65.2,65.33 1 10
github.com/aouyang1/go-forecaster/feature/set.go:65.33,67.41 2 30
github.com/aouyang1/go-forecaster/feature/set.go:67.41,69.4 1 30
github.com/aouyang1/go-forecaster/feature/set.go:70.3,70.34 1 30
github.com/aouyang1/go-forecaster/feature/set.go:75.34,76.14 1 24
github.com/aouyang1/go-forecaster/feature/set.go:76.14,78.3 1 0
github.com/aouyang1/go-forecaster/feature/set.go:80.2,84.23 3 24
github.com/aouyang1/go-forecaster/feature/set.go:84.23,86.4 1 156
github.com/aouyang1/go-forecaster/feature/set.go:88.2,88.15 1 24
github.com/aouyang1/go-forecaster/feature/set.go:94.49,95.14 1 8
github.com/aouyang1/go-forecaster/feature/set.go:95.14,97.3 1 0
github.com/aouyang1/go-forecaster/feature/set.go:99.2,100.29 2 8
github.com/aouyang1/go-forecaster/feature/set.go:100.29,102.3 1 0
github.com/aouyang1/go-forecaster/feature/set.go:104.2,106.39 2 8
github.com/aouyang1/go-forecaster/feature/set.go:106.39,108.8 2 8
github.com/aouyang1/go-forecaster/feature/set.go:110.2,111.15 2 8
github.com/aouyang1/go-forecaster/feature/set.go:111.15,113.3 1 5
github.com/aouyang1/go-forecaster/feature/set.go:115.2,118.15 3 8
github.com/aouyang1/go-forecaster/feature/set.go:118.15,119.26 1 5
github.com/aouyang1/go-forecaster/feature/set.go:119.26,122.4 2 50400
github.com/aouyang1/go-forecaster/feature/set.go:123.3,123.15 1 5
github.com/aouyang1/go-forecaster/feature/set.go:126.2,126.38 1 8
github.com/aouyang1/go-forecaster/feature/set.go:126.38,127.45 1 48
github.com/aouyang1/go-forecaster/feature/set.go:127.45,131.4 2 483840
github.com/aouyang1/go-forecaster/feature/set.go:132.3,132.15 1 48
github.com/aouyang1/go-forecaster/feature/set.go:134.2,134.32 1 8
github.com/aouyang1/go-forecaster/feature/time.go:15.33,17.2 1 10
github.com/aouyang1/go-forecaster/feature/time.go:20.31,22.2 1 10
github.com/aouyang1/go-forecaster/feature/time.go:26.48,27.32 1 0
github.com/aouyang1/go-forecaster/feature/time.go:28.14,29.22 1 0
github.com/aouyang1/go-forecaster/feature/time.go:31.2,31.18 1 0
github.com/aouyang1/go-forecaster/feature/time.go:35.34,37.2 1 0
github.com/aouyang1/go-forecaster/feature/time.go:40.42,44.2 3 0
github.com/aouyang1/go-forecaster/feature/time.go:48.49,50.2 1 0
github.com/aouyang1/go-forecaster/forecast/forecast.go:47.43,48.16 1 2
github.com/aouyang1/go-forecaster/forecast/forecast.go:48.16,50.3 1 0
github.com/aouyang1/go-forecaster/forecast/forecast.go:52.2,52.33 1 2
github.com/aouyang1/go-forecaster/forecast/forecast.go:57.51,67.2 2 1
github.com/aouyang1/go-forecaster/forecast/forecast.go:69.74,70.14 1 5
github.com/aouyang1/go-forecaster/forecast/forecast.go:70.14,72.3 1 0
github.com/aouyang1/go-forecaster/forecast/forecast.go:74.2,74.30 1 5
github.com/aouyang1/go-forecaster/forecast/forecast.go:74.30,76.3 1 0
github.com/aouyang1/go-forecaster/forecast/forecast.go:78.2,81.16 3 5
github.com/aouyang1/go-forecaster/forecast/forecast.go:81.16,83.3 1 0
github.com/aouyang1/go-forecaster/forecast/forecast.go:86.2,86.73 1 5
github.com/aouyang1/go-forecaster/forecast/forecast.go:86.73,87.35 1 2
github.com/aouyang1/go-forecaster/forecast/forecast.go:87.35,88.45 1 12
github.com/aouyang1/go-forecaster/forecast/forecast.go:88.45,90.5 1 0
github.com/aouyang1/go-forecaster/forecast/forecast.go:95.2,95.49 1 5
github.com/aouyang1/go-forecaster/forecast/forecast.go:95.49,96.56 1 0
github.com/aouyang1/go-forecaster/forecast/forecast.go:96.56,98.4 1 0
github.com/aouyang1/go-forecaster/forecast/forecast.go:99.3,99.116 1 0
github.com/aouyang1/go-forecaster/forecast/forecast.go:101.2,105.15 3 5
github.com/aouyang1/go-forecaster/forecast/forecast.go:105.15,107.39 2 3
github.com/aouyang1/go-forecaster/forecast/forecast.go:107.39,109.18 2 18
github.com/aouyang1/go-forecaster/forecast/forecast.go:109.18,111.5 1 0
github.com/aouyang1/go-forecaster/forecast/forecast.go:112.4,112.45 1 18
github.com/aouyang1/go-forecaster/forecast/forecast.go:115.3,115.35 1 3
github.com/aouyang1/go-forecaster/forecast/forecast.go:115.35,116.58 1 18
github.com/aouyang1/go-forecaster/forecast/forecast.go:116.58,118.5 1 0
github.com/aouyang1/go-forecaster/forecast/forecast.go:122.2,122.18 1 5
github.com/aouyang1/go-forecaster/forecast/forecast.go:127.58,128.14 1 2
github.com/aouyang1/go-forecaster/forecast/forecast.go:128.14,130.3 1 0
github.com/aouyang1/go-forecaster/forecast/forecast.go:132.2,133.16 2 2
github.com/aouyang1/go-forecaster/forecast/forecast.go:133.16,135.3 1 0
github.com/aouyang1/go-forecaster/forecast/forecast.go:138.2,142.43 3 2
github.com/aouyang1/go-forecaster/forecast/forecast.go:142.43,143.36 1 20160
github.com/aouyang1/go-forecaster/forecast/forecast.go:143.36,144.12 1 0
github.com/aouyang1/go-forecaster/forecast/forecast.go:146.3,147.51 2 20160
github.com/aouyang1/go-forecaster/forecast/forecast.go:150.2,150.25 1 2
github.com/aouyang1/go-forecaster/forecast/forecast.go:150.25,152.3 1 0
github.com/aouyang1/go-forecaster/forecast/forecast.go:154.2,157.16 3 2
github.com/aouyang1/go-forecaster/forecast/forecast.go:157.16,159.3 1 0
github.com/aouyang1/go-forecaster/forecast/forecast.go:161.2,169.16 7 2
github.com/aouyang1/go-forecaster/forecast/forecast.go:169.16,171.3 1 0
github.com/aouyang1/go-forecaster/forecast/forecast.go:172.2,172.52 1 2
github.com/aouyang1/go-forecaster/forecast/forecast.go:172.52,174.3 1 0
github.com/aouyang1/go-forecaster/forecast/forecast.go:175.2,183.16 7 2
github.com/aouyang1/go-forecaster/forecast/forecast.go:183.16,185.3 1 0
github.com/aouyang1/go-forecaster/forecast/forecast.go:186.2,191.16 4 2
github.com/aouyang1/go-forecaster/forecast/forecast.go:191.16,193.3 1 0
github.com/aouyang1/go-forecaster/forecast/forecast.go:194.2,197.16 3 2
github.com/aouyang1/go-forecaster/forecast/forecast.go:197.16,199.3 1 0
github.com/aouyang1/go-forecaster/forecast/forecast.go:200.2,208.12 7 2
github.com/aouyang1/go-forecaster/forecast/forecast.go:211.138,213.25 2 2
github.com/aouyang1/go-forecaster/forecast/forecast.go:213.25,220.3 2 12
github.com/aouyang1/go-forecaster/forecast/forecast.go:222.2,224.25 3 2
github.com/aouyang1/go-forecaster/forecast/forecast.go:224.25,226.17 2 12
github.com/aouyang1/go-forecaster/forecast/forecast.go:226.17,228.4 1 0
github.com/aouyang1/go-forecaster/forecast/forecast.go:229.3,229.20 1 12
github.com/aouyang1/go-forecaster/forecast/forecast.go:229.20,230.50 1 12
github.com/aouyang1/go-forecaster/forecast/forecast.go:230.50,232.15 2 0
github.com/aouyang1/go-forecaster/forecast/forecast.go:232.15,234.6 1 0
github.com/aouyang1/go-forecaster/forecast/forecast.go:236.4,236.41 1 12
github.com/aouyang1/go-forecaster/forecast/forecast.go:240.2,241.61 2 2
github.com/aouyang1/go-forecaster/forecast/forecast.go:241.61,242.54 1 0
github.com/aouyang1/go-forecaster/forecast/forecast.go:242.54,244.4 1 0
github.com/aouyang1/go-forecaster/forecast/forecast.go:247.2,247.40 1 2
github.com/aouyang1/go-forecaster/forecast/forecast.go:252.74,253.14 1 3
github.com/aouyang1/go-forecaster/forecast/forecast.go:253.14,255.3 1 0
github.com/aouyang1/go-forecaster/forecast/forecast.go:257.2,257.16 1 3
github.com/aouyang1/go-forecaster/forecast/forecast.go:257.16,259.3 1 0
github.com/aouyang1/go-forecaster/forecast/forecast.go:262.2,263.16 2 3
github.com/aouyang1/go-forecaster/forecast/forecast.go:263.16,265.3 1 0
github.com/aouyang1/go-forecaster/forecast/forecast.go:267.2,269.34 3 3
github.com/aouyang1/go-forecaster/forecast/forecast.go:269.34,271.14 2 18
github.com/aouyang1/go-forecaster/forecast/forecast.go:271.14,272.12 1 0
github.com/aouyang1/go-forecaster/forecast/forecast.go:274.3,274.22 1 18
github.com/aouyang1/go-forecaster/forecast/forecast.go:275.39,276.41 1 0
github.com/aouyang1/go-forecaster/forecast/forecast.go:277.39,278.41 1 18
github.com/aouyang1/go-forecaster/forecast/forecast.go:282.2,283.16 2 3
github.com/aouyang1/go-forecaster/forecast/forecast.go:283.16,285.3 1 0
github.com/aouyang1/go-forecaster/forecast/forecast.go:286.2,287.16 2 3
github.com/aouyang1/go-forecaster/forecast/forecast.go:287.16,289.3 1 0
github.com/aouyang1/go-forecaster/forecast/forecast.go:290.2,296.23 3 3
github.com/aouyang1/go-forecaster/forecast/forecast.go:299.100,300.14 1 9
github.com/aouyang1/go-forecaster/forecast/forecast.go:300.14,302.3 1 0
github.com/aouyang1/go-forecaster/forecast/forecast.go:304.2,304.14 1 9
github.com/aouyang1/go-forecaster/forecast/forecast.go:304.14,306.3 1 0
github.com/aouyang1/go-forecaster/forecast/forecast.go:308.2,311.12 2 9
github.com/aouyang1/go-forecaster/forecast/forecast.go:311.12,313.20 2 3
github.com/aouyang1/go-forecaster/forecast/forecast.go:313.20,315.4 1 3
github.com/aouyang1/go-forecaster/forecast/forecast.go:316.3,316.18 1 3
github.com/aouyang1/go-forecaster/forecast/forecast.go:319.2,319.19 1 6
github.com/aouyang1/go-forecaster/forecast/forecast.go:319.19,321.3 1 3
github.com/aouyang1/go-forecaster/forecast/forecast.go:323.2,324.19 2 6
github.com/aouyang1/go-forecaster/forecast/forecast.go:324.19,326.3 1 3
github.com/aouyang1/go-forecaster/forecast/forecast.go:328.2,329.31 2 6
github.com/aouyang1/go-forecaster/forecast/forecast.go:329.31,331.3 1 36
github.com/aouyang1/go-forecaster/forecast/forecast.go:332.2,332.38 1 6
github.com/aouyang1/go-forecaster/forecast/forecast.go:332.38,334.17 2 36
github.com/aouyang1/go-forecaster/forecast/forecast.go:334.17,336.4 1 0
github.com/aouyang1/go-forecaster/forecast/forecast.go:337.3,337.46 1 36
github.com/aouyang1/go-forecaster/forecast/forecast.go:337.46,339.4 1 36
github.com/aouyang1/go-forecaster/forecast/forecast.go:342.2,350.18 6 6
github.com/aouyang1/go-forecaster/forecast/forecast.go:354.71,355.14 1 0
github.com/aouyang1/go-forecaster/forecast/forecast.go:355.14,357.3 1 0
github.com/aouyang1/go-forecaster/forecast/forecast.go:358.2,358.14 1 0
github.com/aouyang1/go-forecaster/forecast/forecast.go:358.14,360.3 1 0
github.com/aouyang1/go-forecaster/forecast/forecast.go:362.2,365.13 3 0
github.com/aouyang1/go-forecaster/forecast/forecast.go:365.13,367.3 1 0
github.com/aouyang1/go-forecaster/forecast/forecast.go:369.2,370.16 2 0
github.com/aouyang1/go-forecaster/forecast/forecast.go:370.16,372.3 1 0
github.com/aouyang1/go-forecaster/forecast/forecast.go:374.2,374.44 1 0
github.com/aouyang1/go-forecaster/forecast/forecast.go:378.63,379.14 1 2
github.com/aouyang1/go-forecaster/forecast/forecast.go:379.14,381.3 1 0
github.com/aouyang1/go-forecaster/forecast/forecast.go:383.2,384.38 2 2
github.com/aouyang1/go-forecaster/forecast/forecast.go:384.38,386.17 2 12
github.com/aouyang1/go-forecaster/forecast/forecast.go:386.17,388.4 1 0
github.com/aouyang1/go-forecaster/forecast/forecast.go:389.3,389.32 1 12
github.com/aouyang1/go-forecaster/forecast/forecast.go:391.2,391.21 1 2
github.com/aouyang1/go-forecaster/forecast/forecast.go:396.63,397.14 1 2
github.com/aouyang1/go-forecaster/forecast/forecast.go:397.14,399.3 1 0
github.com/aouyang1/go-forecaster/forecast/forecast.go:401.2,401.32 1 2
github.com/aouyang1/go-forecaster/forecast/forecast.go:401.32,403.3 1 0
github.com/aouyang1/go-forecaster/forecast/forecast.go:404.2,405.38 2 2
github.com/aouyang1/go-forecaster/forecast/forecast.go:405.38,407.17 2 12
github.com/aouyang1/go-forecaster/forecast/forecast.go:407.17,409.4 1 0
github.com/aouyang1/go-forecaster/forecast/forecast.go:410.3,410.30 1 12
github.com/aouyang1/go-forecaster/forecast/forecast.go:412.2,412.18 1 2
github.com/aouyang1/go-forecaster/forecast/forecast.go:416.40,417.14 1 2
github.com/aouyang1/go-forecaster/forecast/forecast.go:417.14,419.3 1 0
github.com/aouyang1/go-forecaster/forecast/forecast.go:420.2,420.20 1 2
github.com/aouyang1/go-forecaster/forecast/forecast.go:426.43,427.14 1 1
github.com/aouyang1/go-forecaster/forecast/forecast.go:427.14,429.3 1 0
github.com/aouyang1/go-forecaster/forecast/forecast.go:430.2,430.16 1 1
github.com/aouyang1/go-forecaster/forecast/forecast.go:430.16,432.3 1 0
github.com/aouyang1/go-forecaster/forecast/forecast.go:434.2,443.15 2 1
github.com/aouyang1/go-forecaster/forecast/forecast.go:448.46,449.14 1 0
github.com/aouyang1/go-forecaster/forecast/forecast.go:449.14,451.3 1 0
github.com/aouyang1/go-forecaster/forecast/forecast.go:453.2,456.38 3 0
github.com/aouyang1/go-forecaster/forecast/forecast.go:456.38,457.20 1 0
github.com/aouyang1/go-forecaster/forecast/forecast.go:457.20,458.12 1 0
github.com/aouyang1/go-forecaster/forecast/forecast.go:460.3,461.17 2 0
github.com/aouyang1/go-forecaster/forecast/forecast.go:461.17,463.4 1 0
github.com/aouyang1/go-forecaster/forecast/forecast.go:464.3,464.54 1 0
github.com/aouyang1/go-forecaster/forecast/forecast.go:466.2,466.16 1 0
github.com/aouyang1/go-forecaster/forecast/forecast.go:471.36,472.14 1 1
github.com/aouyang1/go-forecaster/forecast/forecast.go:472.14,474.3 1 0
github.com/aouyang1/go-forecaster/forecast/forecast.go:475.2,475.21 1 1
github.com/aouyang1/go-forecaster/forecast/forecast.go:475.21,477.3 1 0
github.com/aouyang1/go-forecaster/forecast/forecast.go:478.2,478.18 1 1
github.com/aouyang1/go-forecaster/forecast/forecast.go:483.42,484.14 1 0
github.com/aouyang1/go-forecaster/forecast/forecast.go:484.14,486.3 1 0
github.com/aouyang1/go-forecaster/forecast/forecast.go:487.2,489.12 3 0
github.com/aouyang1/go-forecaster/forecast/forecast.go:494.47,495.14 1 0
github.com/aouyang1/go-forecaster/forecast/forecast.go:495.14,497.3 1 0
github.com/aouyang1/go-forecaster/forecast/forecast.go:498.2,500.12 3 0
github.com/aouyang1/go-forecaster/forecast/forecast.go:504.53,505.14 1 0
github.com/aouyang1/go-forecaster/forecast/forecast.go:505.14,507.3 1 0
github.com/aouyang1/go-forecaster/forecast/forecast.go:508.2,510.12 3 0
github.com/aouyang1/go-forecaster/forecast/model.go:29.62,31.28 2 0
github.com/aouyang1/go-forecaster/forecast/model.go:31.28,33.17 2 0
github.com/aouyang1/go-forecaster/forecast/model.go:33.17,35.4 1 0
github.com/aouyang1/go-forecaster/forecast/model.go:36.3,36.32 1 0
github.com/aouyang1/go-forecaster/forecast/model.go:38.2,38.20 1 0
github.com/aouyang1/go-forecaster/forecast/model.go:42.44,44.28 2 0
github.com/aouyang1/go-forecaster/forecast/model.go:44.28,46.3 1 0
github.com/aouyang1/go-forecaster/forecast/model.go:47.2,47.13 1 0
github.com/aouyang1/go-forecaster/forecast/model.go:57.69,63.2 1 0
github.com/aouyang1/go-forecaster/forecast/model.go:66.63,67.17 1 90
github.com/aouyang1/go-forecaster/forecast/model.go:68.38,70.17 2 0
github.com/aouyang1/go-forecaster/forecast/model.go:70.17,72.4 1 0
github.com/aouyang1/go-forecaster/forecast/model.go:73.3,74.53 2 0
github.com/aouyang1/go-forecaster/forecast/model.go:74.53,76.4 1 0
github.com/aouyang1/go-forecaster/forecast/model.go:77.3,77.19 1 0
github.com/aouyang1/go-forecaster/forecast/model.go:79.38,81.17 2 90
github.com/aouyang1/go-forecaster/forecast/model.go:81.17,83.4 1 0
github.com/aouyang1/go-forecaster/forecast/model.go:84.3,85.54 2 90
github.com/aouyang1/go-forecaster/forecast/model.go:85.54,87.4 1 0
github.com/aouyang1/go-forecaster/forecast/model.go:88.3,88.19 1 90
github.com/aouyang1/go-forecaster/forecast/model.go:90.2,90.35 1 0
github.com/aouyang1/go-forecaster/forecast/options.go:18.35,25.2 1 0
github.com/aouyang1/go-forecaster/forecast/options.go:44.56,50.2 1 0
github.com/aouyang1/go-forecaster/forecast/score.go:21.62,23.16 2 3
github.com/aouyang1/go-forecaster/forecast/score.go:23.16,25.3 1 0
github.com/aouyang1/go-forecaster/forecast/score.go:26.2,27.16 2 3
github.com/aouyang1/go-forecaster/forecast/score.go:27.16,29.3 1 0
github.com/aouyang1/go-forecaster/forecast/score.go:30.2,31.16 2 3
github.com/aouyang1/go-forecaster/forecast/score.go:31.16,33.3 1 0
github.com/aouyang1/go-forecaster/forecast/score.go:35.2,39.8 1 3
github.com/aouyang1/go-forecaster/forecast/score.go:44.56,45.35 1 3
github.com/aouyang1/go-forecaster/forecast/score.go:45.35,47.3 1 0
github.com/aouyang1/go-forecaster/forecast/score.go:49.2,50.35 2 3
github.com/aouyang1/go-forecaster/forecast/score.go:50.35,51.56 1 30240
github.com/aouyang1/go-forecaster/forecast/score.go:51.56,52.12 1 0
github.com/aouyang1/go-forecaster/forecast/score.go:54.3,54.47 1 30240
github.com/aouyang1/go-forecaster/forecast/score.go:56.2,57.17 2 3
github.com/aouyang1/go-forecaster/forecast/score.go:62.57,63.35 1 3
github.com/aouyang1/go-forecaster/forecast/score.go:63.35,65.3 1 0
github.com/aouyang1/go-forecaster/forecast/score.go:67.2,68.35 2 3
github.com/aouyang1/go-forecaster/forecast/score.go:68.35,69.74 1 30240
github.com/aouyang1/go-forecaster/forecast/score.go:69.74,70.12 1 0
github.com/aouyang1/go-forecaster/forecast/score.go:72.3,72.59 1 30240
github.com/aouyang1/go-forecaster/forecast/score.go:74.2,75.18 2 3
github.com/aouyang1/go-forecaster/forecast/score.go:80.61,81.35 1 3
github.com/aouyang1/go-forecaster/forecast/score.go:81.35,83.3 1 0
github.com/aouyang1/go-forecaster/forecast/score.go:85.2,87.38 3 3
github.com/aouyang1/go-forecaster/forecast/score.go:87.38,88.56 1 30240
github.com/aouyang1/go-forecaster/forecast/score.go:88.56,89.12 1 0
github.com/aouyang1/go-forecaster/forecast/score.go:91.3,92.47 2 30240
github.com/aouyang1/go-forecaster/forecast/score.go:94.2,95.20 2 3
github.com/aouyang1/go-forecaster/forecast/score.go:95.20,97.3 1 0
github.com/aouyang1/go-forecaster/forecast/score.go:98.2,98.16 1 3
github.com/aouyang1/go-forecaster/forecast/util.go:18.69,19.16 1 5
github.com/aouyang1/go-forecaster/forecast/util.go:19.16,21.3 1 0
github.com/aouyang1/go-forecaster/forecast/util.go:23.2,25.32 2 5
github.com/aouyang1/go-forecaster/forecast/util.go:25.32,27.48 2 0
github.com/aouyang1/go-forecaster/forecast/util.go:27.48,30.18 3 0
github.com/aouyang1/go-forecaster/forecast/util.go:30.18,32.5 1 0
github.com/aouyang1/go-forecaster/forecast/util.go:35.3,37.26 3 0
github.com/aouyang1/go-forecaster/forecast/util.go:37.26,38.26 1 0
github.com/aouyang1/go-forecaster/forecast/util.go:38.26,40.5 1 0
github.com/aouyang1/go-forecaster/forecast/util.go:41.4,42.54 2 0
github.com/aouyang1/go-forecaster/forecast/util.go:42.54,44.5 1 0
github.com/aouyang1/go-forecaster/forecast/util.go:46.3,47.27 2 0
github.com/aouyang1/go-forecaster/forecast/util.go:50.2,50.25 1 5
github.com/aouyang1/go-forecaster/forecast/util.go:50.25,52.26 2 5
github.com/aouyang1/go-forecaster/forecast/util.go:52.26,55.4 2 50400
github.com/aouyang1/go-forecaster/forecast/util.go:56.3,57.23 2 5
github.com/aouyang1/go-forecaster/forecast/util.go:59.2,59.26 1 5
github.com/aouyang1/go-forecaster/forecast/util.go:59.26,61.26 2 0
github.com/aouyang1/go-forecaster/forecast/util.go:61.26,64.4 2 0
github.com/aouyang1/go-forecaster/forecast/util.go:65.3,66.23 2 0
github.com/aouyang1/go-forecaster/forecast/util.go:68.2,68.14 1 5
github.com/aouyang1/go-forecaster/forecast/util.go:71.86,72.16 1 5
github.com/aouyang1/go-forecaster/forecast/util.go:72.16,74.3 1 0
github.com/aouyang1/go-forecaster/forecast/util.go:75.2,76.25 2 5
github.com/aouyang1/go-forecaster/forecast/util.go:76.25,78.41 2 5
github.com/aouyang1/go-forecaster/forecast/util.go:78.41,80.4 1 15
github.com/aouyang1/go-forecaster/forecast/util.go:81.3,82.17 2 5
github.com/aouyang1/go-forecaster/forecast/util.go:82.17,84.4 1 0
github.com/aouyang1/go-forecaster/forecast/util.go:85.3,89.33 2 5
github.com/aouyang1/go-forecaster/forecast/util.go:89.33,91.14 2 0
github.com/aouyang1/go-forecaster/forecast/util.go:91.14,93.50 2 0
github.com/aouyang1/go-forecaster/forecast/util.go:93.50,95.17 2 0
github.com/aouyang1/go-forecaster/forecast/util.go:95.17,96.15 1 0
github.com/aouyang1/go-forecaster/forecast/util.go:98.6,110.68 10 0
github.com/aouyang1/go-forecaster/forecast/util.go:112.5,112.41 1 0
github.com/aouyang1/go-forecaster/forecast/util.go:113.10,115.5 1 0
github.com/aouyang1/go-forecaster/forecast/util.go:119.2,119.26 1 5
github.com/aouyang1/go-forecaster/forecast/util.go:119.26,121.42 2 0
github.com/aouyang1/go-forecaster/forecast/util.go:121.42,122.42 1 0
github.com/aouyang1/go-forecaster/forecast/util.go:122.42,124.13 1 0
github.com/aouyang1/go-forecaster/forecast/util.go:126.4,126.30 1 0
github.com/aouyang1/go-forecaster/forecast/util.go:128.3,129.17 2 0
github.com/aouyang1/go-forecaster/forecast/util.go:129.17,131.4 1 0
github.com/aouyang1/go-forecaster/forecast/util.go:132.3,132.27 1 0
github.com/aouyang1/go-forecaster/forecast/util.go:134.2,134.15 1 5
github.com/aouyang1/go-forecaster/forecast/util.go:137.116,138.22 1 5
github.com/aouyang1/go-forecaster/forecast/util.go:138.22,140.3 1 0
github.com/aouyang1/go-forecaster/forecast/util.go:141.2,142.13 2 5
github.com/aouyang1/go-forecaster/forecast/util.go:142.13,144.3 1 0
github.com/aouyang1/go-forecaster/forecast/util.go:146.2,147.31 2 5
github.com/aouyang1/go-forecaster/forecast/util.go:147.31,153.3 5 15
github.com/aouyang1/go-forecaster/forecast/util.go:155.2,155.15 1 5
github.com/aouyang1/go-forecaster/forecast/util.go:158.104,162.36 4 15
github.com/aouyang1/go-forecaster/forecast/util.go:162.36,166.3 3 151200
github.com/aouyang1/go-forecaster/forecast/util.go:167.2,167.25 1 15
github.com/aouyang1/go-forecaster/forecast/util.go:170.79,172.25 2 0
github.com/aouyang1/go-forecaster/forecast/util.go:172.25,173.47 1 0
github.com/aouyang1/go-forecaster/forecast/util.go:173.47,175.4 1 0
github.com/aouyang1/go-forecaster/forecast/util.go:176.3,176.46 1 0
github.com/aouyang1/go-forecaster/forecast/util.go:176.46,178.4 1 0
github.com/aouyang1/go-forecaster/forecast/util.go:181.2,185.25 4 0
github.com/aouyang1/go-forecaster/forecast/util.go:185.25,191.3 2 0
github.com/aouyang1/go-forecaster/forecast/util.go:192.2,192.14 1 0
github.com/aouyang1/go-forecaster/forecast/util.go:195.141,197.29 2 5
github.com/aouyang1/go-forecaster/forecast/util.go:197.29,200.36 1 0
github.com/aouyang1/go-forecaster/forecast/util.go:200.36,201.12 1 0
github.com/aouyang1/go-forecaster/forecast/util.go:203.3,203.46 1 0
github.com/aouyang1/go-forecaster/forecast/util.go:207.2,209.18 3 5
github.com/aouyang1/go-forecaster/forecast/util.go:209.18,211.3 1 0
github.com/aouyang1/go-forecaster/forecast/util.go:212.2,212.42 1 5
github.com/aouyang1/go-forecaster/forecast/util.go:212.42,216.19 3 0
github.com/aouyang1/go-forecaster/forecast/util.go:216.19,219.4 2 0
github.com/aouyang1/go-forecaster/forecast/util.go:224.2,225.37 2 5
github.com/aouyang1/go-forecaster/forecast/util.go:225.37,227.3 1 0
github.com/aouyang1/go-forecaster/forecast/util.go:229.2,231.30 3 5
github.com/aouyang1/go-forecaster/forecast/util.go:231.30,232.43 1 50400
github.com/aouyang1/go-forecaster/forecast/util.go:232.43,233.72 1 0
github.com/aouyang1/go-forecaster/forecast/util.go:233.72,236.21 2 0
github.com/aouyang1/go-forecaster/forecast/util.go:236.21,239.6 2 0
github.com/aouyang1/go-forecaster/forecast/util.go:244.2,245.34 2 5
github.com/aouyang1/go-forecaster/forecast/util.go:245.34,247.26 2 0
github.com/aouyang1/go-forecaster/forecast/util.go:247.26,249.4 1 0
github.com/aouyang1/go-forecaster/forecast/util.go:250.3,253.19 3 0
github.com/aouyang1/go-forecaster/forecast/util.go:253.19,256.4 2 0
github.com/aouyang1/go-forecaster/forecast/util.go:258.2,258.13 1 5
github.com/aouyang1/go-forecaster/forecast/util.go:261.57,263.29 2 10
github.com/aouyang1/go-forecaster/forecast/util.go:263.29,265.17 2 14
github.com/aouyang1/go-forecaster/forecast/util.go:265.17,267.12 2 0
github.com/aouyang1/go-forecaster/forecast/util.go:269.3,273.5 2 14
github.com/aouyang1/go-forecaster/forecast/util.go:275.2,275.16 1 10
github.com/aouyang1/go-forecaster/forecast/util.go:278.51,282.19 4 17
github.com/aouyang1/go-forecaster/forecast/util.go:282.19,284.3 1 2
github.com/aouyang1/go-forecaster/forecast/util.go:284.8,286.3 1 15
github.com/aouyang1/go-forecaster/forecast/util.go:287.2,287.15 1 17
github.com/aouyang1/go-forecaster/forecast/util.go:290.54,295.2 3 17
github.com/aouyang1/go-forecaster/forecast/util.go:304.64,306.33 2 10
github.com/aouyang1/go-forecaster/forecast/util.go:306.33,308.19 2 14
github.com/aouyang1/go-forecaster/forecast/util.go:308.19,310.4 1 7
github.com/aouyang1/go-forecaster/forecast/util.go:312.2,312.23 1 10
github.com/aouyang1/go-forecaster/forecast/util.go:312.23,314.3 1 0
github.com/aouyang1/go-forecaster/forecast/util.go:315.2,315.67 1 10
github.com/aouyang1/go-forecaster/forecast/util.go:318.69,322.30 3 0
github.com/aouyang1/go-forecaster/forecast/util.go:322.30,324.3 1 0
github.com/aouyang1/go-forecaster/forecast/util.go:325.2,325.13 1 0
github.com/aouyang1/go-forecaster/timedataset/timedataset.go:23.77,24.17 1 2
github.com/aouyang1/go-forecaster/timedataset/timedataset.go:24.17,26.3 1 0
github.com/aouyang1/go-forecaster/timedataset/timedataset.go:27.2,27.22 1 2
github.com/aouyang1/go-forecaster/timedataset/timedataset.go:27.22,32.3 1 0
github.com/aouyang1/go-forecaster/timedataset/timedataset.go:34.2,35.30 2 2
github.com/aouyang1/go-forecaster/timedataset/timedataset.go:35.30,37.48 2 20160
github.com/aouyang1/go-forecaster/timedataset/timedataset.go:37.48,39.4 1 0
github.com/aouyang1/go-forecaster/timedataset/timedataset.go:40.3,40.16 1 20160
github.com/aouyang1/go-forecaster/timedataset/timedataset.go:43.2,52.16 6 2
github.com/aouyang1/go-forecaster/timedataset/timedataset.go:55.44,64.2 5 0
github.com/aouyang1/go-forecaster/models/lasso.go:41.58,42.14 1 7
github.com/aouyang1/go-forecaster/models/lasso.go:42.14,44.3 1 1
github.com/aouyang1/go-forecaster/models/lasso.go:46.2,46.18 1 7
github.com/aouyang1/go-forecaster/models/lasso.go:46.18,48.3 1 1
github.com/aouyang1/go-forecaster/models/lasso.go:49.2,49.22 1 6
github.com/aouyang1/go-forecaster/models/lasso.go:49.22,51.3 1 1
github.com/aouyang1/go-forecaster/models/lasso.go:52.2,52.21 1 5
github.com/aouyang1/go-forecaster/models/lasso.go:52.21,54.3 1 1
github.com/aouyang1/go-forecaster/models/lasso.go:55.2,55.15 1 4
github.com/aouyang1/go-forecaster/models/lasso.go:59.45,67.2 1 4
github.com/aouyang1/go-forecaster/models/lasso.go:78.70,80.16 2 2
github.com/aouyang1/go-forecaster/models/lasso.go:80.16,82.3 1 0
github.com/aouyang1/go-forecaster/models/lasso.go:83.2,85.8 1 2
github.com/aouyang1/go-forecaster/models/lasso.go:89.54,90.18 1 2
github.com/aouyang1/go-forecaster/models/lasso.go:90.18,92.3 1 0
github.com/aouyang1/go-forecaster/models/lasso.go:93.2,93.14 1 2
github.com/aouyang1/go-forecaster/models/lasso.go:93.14,95.3 1 0
github.com/aouyang1/go-forecaster/models/lasso.go:96.2,96.14 1 2
github.com/aouyang1/go-forecaster/models/lasso.go:96.14,98.3 1 0
github.com/aouyang1/go-forecaster/models/lasso.go:100.2,103.13 3 2
github.com/aouyang1/go-forecaster/models/lasso.go:103.13,105.3 1 0
github.com/aouyang1/go-forecaster/models/lasso.go:107.2,107.24 1 2
github.com/aouyang1/go-forecaster/models/lasso.go:107.24,117.3 8 1
github.com/aouyang1/go-forecaster/models/lasso.go:119.2,119.65 1 2
github.com/aouyang1/go-forecaster/models/lasso.go:119.65,121.3 1 0
github.com/aouyang1/go-forecaster/models/lasso.go:124.2,125.32 2 2
github.com/aouyang1/go-forecaster/models/lasso.go:125.32,127.3 1 0
github.com/aouyang1/go-forecaster/models/lasso.go:129.2,133.25 3 2
github.com/aouyang1/go-forecaster/models/lasso.go:133.25,137.3 3 6
github.com/aouyang1/go-forecaster/models/lasso.go:140.2,151.40 5 2
github.com/aouyang1/go-forecaster/models/lasso.go:151.40,157.26 4 84
github.com/aouyang1/go-forecaster/models/lasso.go:157.26,159.14 2 252
github.com/aouyang1/go-forecaster/models/lasso.go:159.14,160.22 1 246
github.com/aouyang1/go-forecaster/models/lasso.go:160.22,161.14 1 0
github.com/aouyang1/go-forecaster/models/lasso.go:165.4,179.22 12 252
github.com/aouyang1/go-forecaster/models/lasso.go:183.3,183.42 1 84
github.com/aouyang1/go-forecaster/models/lasso.go:183.42,184.9 1 2
github.com/aouyang1/go-forecaster/models/lasso.go:188.2,188.24 1 2
github.com/aouyang1/go-forecaster/models/lasso.go:188.24,191.3 2 1
github.com/aouyang1/go-forecaster/models/lasso.go:191.8,193.3 1 1
github.com/aouyang1/go-forecaster/models/lasso.go:195.2,195.12 1 2
github.com/aouyang1/go-forecaster/models/lasso.go:199.68,200.18 1 2
github.com/aouyang1/go-forecaster/models/lasso.go:200.18,202.3 1 0
github.com/aouyang1/go-forecaster/models/lasso.go:203.2,203.14 1 2
github.com/aouyang1/go-forecaster/models/lasso.go:203.14,205.3 1 0
github.com/aouyang1/go-forecaster/models/lasso.go:207.2,208.24 2 2
github.com/aouyang1/go-forecaster/models/lasso.go:208.24,220.3 9 1
github.com/aouyang1/go-forecaster/models/lasso.go:221.2,224.13 3 2
github.com/aouyang1/go-forecaster/models/lasso.go:224.13,226.3 1 0
github.com/aouyang1/go-forecaster/models/lasso.go:228.2,233.31 5 2
github.com/aouyang1/go-forecaster/models/lasso.go:237.67,238.18 1 2
github.com/aouyang1/go-forecaster/models/lasso.go:238.18,240.3 1 0
github.com/aouyang1/go-forecaster/models/lasso.go:241.2,241.14 1 2
github.com/aouyang1/go-forecaster/models/lasso.go:241.14,243.3 1 0
github.com/aouyang1/go-forecaster/models/lasso.go:244.2,244.14 1 2
github.com/aouyang1/go-forecaster/models/lasso.go:244.14,246.3 1 0
github.com/aouyang1/go-forecaster/models/lasso.go:248.2,251.13 3 2
github.com/aouyang1/go-forecaster/models/lasso.go:251.13,253.3 1 0
github.com/aouyang1/go-forecaster/models/lasso.go:255.2,256.16 2 2
github.com/aouyang1/go-forecaster/models/lasso.go:256.16,258.3 1 0
github.com/aouyang1/go-forecaster/models/lasso.go:260.2,262.49 2 2
github.com/aouyang1/go-forecaster/models/lasso.go:266.47,268.2 1 1
github.com/aouyang1/go-forecaster/models/lasso.go:271.44,273.2 1 2
github.com/aouyang1/go-forecaster/models/lasso.go:276.46,278.21 2 252
github.com/aouyang1/go-forecaster/models/lasso.go:278.21,280.3 1 6
github.com/aouyang1/go-forecaster/models/lasso.go:281.2,281.12 1 246
github.com/aouyang1/go-forecaster/models/ols.go:18.54,19.14 1 4
github.com/aouyang1/go-forecaster/models/ols.go:19.14,21.3 1 2
github.com/aouyang1/go-forecaster/models/ols.go:23.2,23.15 1 4
github.com/aouyang1/go-forecaster/models/ols.go:27.41,31.2 1 3
github.com/aouyang1/go-forecaster/models/ols.go:41.64,43.16 2 2
github.com/aouyang1/go-forecaster/models/ols.go:43.16,45.3 1 0
github.com/aouyang1/go-forecaster/models/ols.go:46.2,48.8 1 2
github.com/aouyang1/go-forecaster/models/ols.go:52.52,53.18 1 2
github.com/aouyang1/go-forecaster/models/ols.go:53.18,55.3 1 0
github.com/aouyang1/go-forecaster/models/ols.go:56.2,56.14 1 2
github.com/aouyang1/go-forecaster/models/ols.go:56.14,58.3 1 0
github.com/aouyang1/go-forecaster/models/ols.go:59.2,59.14 1 2
github.com/aouyang1/go-forecaster/models/ols.go:59.14,61.3 1 0
github.com/aouyang1/go-forecaster/models/ols.go:62.2,65.13 3 2
github.com/aouyang1/go-forecaster/models/ols.go:65.13,67.3 1 0
github.com/aouyang1/go-forecaster/models/ols.go:69.2,69.24 1 2
github.com/aouyang1/go-forecaster/models/ols.go:69.24,79.3 8 1
github.com/aouyang1/go-forecaster/models/ols.go:81.2,95.30 11 2
github.com/aouyang1/go-forecaster/models/ols.go:95.30,97.30 2 6
github.com/aouyang1/go-forecaster/models/ols.go:97.30,99.4 1 6
github.com/aouyang1/go-forecaster/models/ols.go:100.3,100.21 1 6
github.com/aouyang1/go-forecaster/models/ols.go:103.2,103.24 1 2
github.com/aouyang1/go-forecaster/models/ols.go:103.24,106.3 2 1
github.com/aouyang1/go-forecaster/models/ols.go:106.8,108.3 1 1
github.com/aouyang1/go-forecaster/models/ols.go:110.2,110.12 1 2
github.com/aouyang1/go-forecaster/models/ols.go:114.66,115.18 1 2
github.com/aouyang1/go-forecaster/models/ols.go:115.18,117.3 1 0
github.com/aouyang1/go-forecaster/models/ols.go:118.2,118.14 1 2
github.com/aouyang1/go-forecaster/models/ols.go:118.14,120.3 1 0
github.com/aouyang1/go-forecaster/models/ols.go:122.2,123.24 2 2
github.com/aouyang1/go-forecaster/models/ols.go:123.24,135.3 9 1
github.com/aouyang1/go-forecaster/models/ols.go:136.2,140.13 4 2
github.com/aouyang1/go-forecaster/models/ols.go:140.13,142.3 1 0
github.com/aouyang1/go-forecaster/models/ols.go:143.2,147.31 4 2
github.com/aouyang1/go-forecaster/models/ols.go:151.65,152.18 1 2
github.com/aouyang1/go-forecaster/models/ols.go:152.18,154.3 1 0
github.com/aouyang1/go-forecaster/models/ols.go:155.2,155.14 1 2
github.com/aouyang1/go-forecaster/models/ols.go:155.14,157.3 1 0
github.com/aouyang1/go-forecaster/models/ols.go:158.2,158.14 1 2
github.com/aouyang1/go-forecaster/models/ols.go:158.14,160.3 1 0
github.com/aouyang1/go-forecaster/models/ols.go:162.2,165.13 3 2
github.com/aouyang1/go-forecaster/models/ols.go:165.13,167.3 1 0
github.com/aouyang1/go-forecaster/models/ols.go:169.2,170.16 2 2
github.com/aouyang1/go-forecaster/models/ols.go:170.16,172.3 1 0
github.com/aouyang1/go-forecaster/models/ols.go:174.2,176.49 2 2
github.com/aouyang1/go-forecaster/models/ols.go:180.45,182.2 1 2
github.com/aouyang1/go-forecaster/models/ols.go:185.42,189.2 3 2
github.com/aouyang1/go-forecaster/forecaster.go:47.45,48.16 1 6
github.com/aouyang1/go-forecaster/forecaster.go:48.16,50.3 1 3
github.com/aouyang1/go-forecaster/forecaster.go:52.2,57.16 3 6
github.com/aouyang1/go-forecaster/forecaster.go:57.16,59.3 1 0
github.com/aouyang1/go-forecaster/forecaster.go:60.2,63.16 3 6
github.com/aouyang1/go-forecaster/forecaster.go:63.16,65.3 1 0
github.com/aouyang1/go-forecaster/forecaster.go:66.2,67.15 2 6
github.com/aouyang1/go-forecaster/forecaster.go:72.53,73.26 1 0
github.com/aouyang1/go-forecaster/forecaster.go:73.26,75.3 1 0
github.com/aouyang1/go-forecaster/forecaster.go:76.2,81.16 5 0
github.com/aouyang1/go-forecaster/forecaster.go:81.16,83.3 1 0
github.com/aouyang1/go-forecaster/forecaster.go:84.2,85.16 2 0
github.com/aouyang1/go-forecaster/forecaster.go:85.16,87.3 1 0
github.com/aouyang1/go-forecaster/forecaster.go:88.2,93.15 2 0
github.com/aouyang1/go-forecaster/forecaster.go:97.60,99.16 2 6
github.com/aouyang1/go-forecaster/forecaster.go:99.16,101.3 1 1
github.com/aouyang1/go-forecaster/forecaster.go:102.2,105.16 3 5
github.com/aouyang1/go-forecaster/forecaster.go:105.16,107.3 1 1
github.com/aouyang1/go-forecaster/forecaster.go:111.2,113.30 3 4
github.com/aouyang1/go-forecaster/forecaster.go:113.30,114.26 1 46090
github.com/aouyang1/go-forecaster/forecaster.go:114.26,117.4 2 46090
github.com/aouyang1/go-forecaster/forecaster.go:117.9,119.4 1 0
github.com/aouyang1/go-forecaster/forecaster.go:122.2,123.16 2 4
github.com/aouyang1/go-forecaster/forecaster.go:123.16,125.3 1 0
github.com/aouyang1/go-forecaster/forecaster.go:129.2,136.30 5 4
github.com/aouyang1/go-forecaster/forecaster.go:136.30,137.62 1 46090
github.com/aouyang1/go-forecaster/forecaster.go:137.62,140.4 2 45792
github.com/aouyang1/go-forecaster/forecaster.go:140.9,142.4 1 298
github.com/aouyang1/go-forecaster/forecaster.go:145.2,145.100 1 4
github.com/aouyang1/go-forecaster/forecaster.go:145.100,147.3 1 0
github.com/aouyang1/go-forecaster/forecaster.go:149.2,150.16 2 4
github.com/aouyang1/go-forecaster/forecaster.go:150.16,152.3 1 0
github.com/aouyang1/go-forecaster/forecaster.go:154.2,154.12 1 4
github.com/aouyang1/go-forecaster/forecaster.go:157.126,162.24 3 5
github.com/aouyang1/go-forecaster/forecaster.go:162.24,164.3 1 5
github.com/aouyang1/go-forecaster/forecaster.go:166.2,167.34 2 5
github.com/aouyang1/go-forecaster/forecaster.go:167.34,168.50 1 7
github.com/aouyang1/go-forecaster/forecaster.go:168.50,170.4 1 1
github.com/aouyang1/go-forecaster/forecaster.go:172.3,175.48 2 6
github.com/aouyang1/go-forecaster/forecaster.go:175.48,176.9 1 0
github.com/aouyang1/go-forecaster/forecaster.go:179.3,186.35 3 6
github.com/aouyang1/go-forecaster/forecaster.go:186.35,188.4 1 163
github.com/aouyang1/go-forecaster/forecaster.go:191.3,191.28 1 6
github.com/aouyang1/go-forecaster/forecaster.go:191.28,192.9 1 4
github.com/aouyang1/go-forecaster/forecaster.go:195.3,195.31 1 2
github.com/aouyang1/go-forecaster/forecaster.go:195.31,196.42 1 40320
github.com/aouyang1/go-forecaster/forecaster.go:196.42,198.13 2 163
github.com/aouyang1/go-forecaster/forecaster.go:202.2,202.22 1 4
github.com/aouyang1/go-forecaster/forecaster.go:207.87,208.37 1 4
github.com/aouyang1/go-forecaster/forecaster.go:208.37,210.3 1 0
github.com/aouyang1/go-forecaster/forecaster.go:216.2,217.55 2 4
github.com/aouyang1/go-forecaster/forecaster.go:217.55,219.3 1 1
github.com/aouyang1/go-forecaster/forecaster.go:220.2,220.35 1 4
github.com/aouyang1/go-forecaster/forecaster.go:220.35,222.3 1 0
github.com/aouyang1/go-forecaster/forecaster.go:223.2,228.34 4 4
github.com/aouyang1/go-forecaster/forecaster.go:228.34,233.39 3 45792
github.com/aouyang1/go-forecaster/forecaster.go:233.39,234.32 1 4578318
github.com/aouyang1/go-forecaster/forecaster.go:234.32,239.5 4 163
github.com/aouyang1/go-forecaster/forecaster.go:241.3,242.69 2 45792
github.com/aouyang1/go-forecaster/forecaster.go:244.2,244.26 1 4
github.com/aouyang1/go-forecaster/forecaster.go:247.127,249.16 2 4
github.com/aouyang1/go-forecaster/forecaster.go:249.16,251.3 1 0
github.com/aouyang1/go-forecaster/forecaster.go:253.2,253.86 1 4
github.com/aouyang1/go-forecaster/forecaster.go:253.86,255.3 1 0
github.com/aouyang1/go-forecaster/forecaster.go:257.2,257.12 1 4
github.com/aouyang1/go-forecaster/forecaster.go:261.63,263.16 2 4
github.com/aouyang1/go-forecaster/forecaster.go:263.16,265.3 1 0
github.com/aouyang1/go-forecaster/forecaster.go:266.2,267.16 2 4
github.com/aouyang1/go-forecaster/forecaster.go:267.16,269.3 1 0
github.com/aouyang1/go-forecaster/forecaster.go:272.2,272.43 1 4
github.com/aouyang1/go-forecaster/forecaster.go:272.43,273.30 1 46090
github.com/aouyang1/go-forecaster/forecaster.go:273.30,275.4 1 0
github.com/aouyang1/go-forecaster/forecaster.go:278.2,300.15 13 4
github.com/aouyang1/go-forecaster/forecaster.go:304.73,305.14 1 0
github.com/aouyang1/go-forecaster/forecaster.go:305.14,307.3 1 0
github.com/aouyang1/go-forecaster/forecaster.go:308.2,308.14 1 0
github.com/aouyang1/go-forecaster/forecaster.go:308.14,310.3 1 0
github.com/aouyang1/go-forecaster/forecaster.go:312.2,315.13 3 0
github.com/aouyang1/go-forecaster/forecaster.go:315.13,317.3 1 0
github.com/aouyang1/go-forecaster/forecaster.go:319.2,320.16 2 0
github.com/aouyang1/go-forecaster/forecaster.go:320.16,322.3 1 0
github.com/aouyang1/go-forecaster/forecaster.go:324.2,324.53 1 0
github.com/aouyang1/go-forecaster/forecaster.go:328.44,330.2 1 0
github.com/aouyang1/go-forecaster/forecaster.go:333.46,335.2 1 0
github.com/aouyang1/go-forecaster/forecaster.go:338.49,340.2 1 0
github.com/aouyang1/go-forecaster/forecaster.go:343.55,345.2 1 0
github.com/aouyang1/go-forecaster/forecaster.go:348.48,350.2 1 0
github.com/aouyang1/go-forecaster/forecaster.go:353.71,355.2 1 0
github.com/aouyang1/go-forecaster/forecaster.go:358.53,360.2 1 0
github.com/aouyang1/go-forecaster/forecaster.go:363.76,365.2 1 0
github.com/aouyang1/go-forecaster/forecaster.go:369.45,371.16 2 4
github.com/aouyang1/go-forecaster/forecaster.go:371.16,373.3 1 0
github.com/aouyang1/go-forecaster/forecaster.go:374.2,375.16 2 4
github.com/aouyang1/go-forecaster/forecaster.go:375.16,377.3 1 0
github.com/aouyang1/go-forecaster/forecaster.go:378.2,383.15 2 4
github.com/aouyang1/go-forecaster/forecaster.go:388.54,390.2 1 0
github.com/aouyang1/go-forecaster/forecaster.go:394.59,396.2 1 0
github.com/aouyang1/go-forecaster/forecaster.go:399.62,401.2 1 0
github.com/aouyang1/go-forecaster/forecaster.go:404.44,406.2 1 0
github.com/aouyang1/go-forecaster/forecaster.go:410.94,414.15 3 0
github.com/aouyang1/go-forecaster/forecaster.go:414.15,415.20 1 0
github.com/aouyang1/go-forecaster/forecaster.go:415.20,417.4 1 0
github.com/aouyang1/go-forecaster/forecaster.go:419.3,419.50 1 0
github.com/aouyang1/go-forecaster/forecaster.go:422.2,423.31 2 0
github.com/aouyang1/go-forecaster/forecaster.go:423.31,426.3 2 0
github.com/aouyang1/go-forecaster/forecaster.go:427.2,427.21 1 0
github.com/aouyang1/go-forecaster/forecaster.go:439.64,444.16 4 0
github.com/aouyang1/go-forecaster/forecaster.go:444.16,447.3 2 0
github.com/aouyang1/go-forecaster/forecaster.go:448.2,448.20 1 0
github.com/aouyang1/go-forecaster/forecaster.go:448.20,450.3 1 0
github.com/aouyang1/go-forecaster/forecaster.go:451.2,452.16 2 0
github.com/aouyang1/go-forecaster/forecaster.go:452.16,454.3 1 0
github.com/aouyang1/go-forecaster/forecaster.go:456.2,461.34 5 0
github.com/aouyang1/go-forecaster/forecaster.go:461.34,463.3 1 0
github.com/aouyang1/go-forecaster/forecaster.go:465.2,466.16 2 0
github.com/aouyang1/go-forecaster/forecaster.go:466.16,468.3 1 0
github.com/aouyang1/go-forecaster/forecaster.go:470.2,506.23 11 0
github.com/aouyang1/go-forecaster/forecaster.go:509.45,512.27 3 12
github.com/aouyang1/go-forecaster/forecaster.go:512.27,515.3 2 0
github.com/aouyang1/go-forecaster/forecaster.go:516.2,516.27 1 12
github.com/aouyang1/go-forecaster/forecaster.go:516.27,519.3 2 0
github.com/aouyang1/go-forecaster/forecaster.go:520.2,520.26 1 12
github.com/aouyang1/go-forecaster/forecaster.go:520.26,522.3 1 12
github.com/aouyang1/go-forecaster/forecaster.go:524.2,524.35 1 0
github.com/aouyang1/go-forecaster/forecaster.go:524.35,525.36 1 0
github.com/aouyang1/go-forecaster/forecaster.go:525.36,527.12 2 0
github.com/aouyang1/go-forecaster/forecaster.go:529.3,529.36 1 0
github.com/aouyang1/go-forecaster/forecaster.go:529.36,531.12 2 0
github.com/aouyang1/go-forecaster/model.go:20.51,22.16 2 0
github.com/aouyang1/go-forecaster/model.go:22.16,24.3 1 0
github.com/aouyang1/go-forecaster/model.go:26.2,27.12 2 0
github.com/aouyang1/go-forecaster/model.go:30.46,39.51 5 0
github.com/aouyang1/go-forecaster/model.go:39.51,41.3 1 0
github.com/aouyang1/go-forecaster/model.go:41.8,49.3 2 0
github.com/aouyang1/go-forecaster/model.go:51.2,51.64 1 0
github.com/aouyang1/go-forecaster/model.go:51.64,53.3 1 0
github.com/aouyang1/go-forecaster/model.go:53.8,55.73 2 0
github.com/aouyang1/go-forecaster/model.go:55.73,57.4 1 0
github.com/aouyang1/go-forecaster/model.go:60.2,71.43 7 0
github.com/aouyang1/go-forecaster/model.go:71.43,73.17 2 0
github.com/aouyang1/go-forecaster/model.go:73.17,75.4 1 0
github.com/aouyang1/go-forecaster/model.go:76.3,77.20 2 0
github.com/aouyang1/go-forecaster/model.go:77.20,79.4 1 0
github.com/aouyang1/go-forecaster/model.go:80.3,80.82 1 0
github.com/aouyang1/go-forecaster/model.go:82.2,97.64 8 0
github.com/aouyang1/go-forecaster/model.go:97.64,99.3 1 0
github.com/aouyang1/go-forecaster/model.go:99.8,101.73 2 0
github.com/aouyang1/go-forecaster/model.go:101.73,103.4 1 0
github.com/aouyang1/go-forecaster/model.go:106.2,117.48 7 0
github.com/aouyang1/go-forecaster/model.go:117.48,119.17 2 0
github.com/aouyang1/go-forecaster/model.go:119.17,121.4 1 0
github.com/aouyang1/go-forecaster/model.go:122.3,123.20 2 0
github.com/aouyang1/go-forecaster/model.go:123.20,125.4 1 0
github.com/aouyang1/go-forecaster/model.go:126.3,126.87 1 0
github.com/aouyang1/go-forecaster/model.go:128.2,130.12 3 0
github.com/aouyang1/go-forecaster/options.go:20.42,27.2 1 6
github.com/aouyang1/go-forecaster/options.go:34.40,39.2 1 3
github.com/aouyang1/go-forecaster/options.go:47.50,53.2 1 3
github.com/aouyang1/go-forecaster/options.go:64.35,69.2 1 3
github.com/aouyang1/go-forecaster/options.go:71.44,72.21 1 0
github.com/aouyang1/go-forecaster/options.go:72.21,74.3 1 0
github.com/aouyang1/go-forecaster/options.go:75.2,75.19 1 0
github.com/aouyang1/go-forecaster/options.go:78.44,79.21 1 0
github.com/aouyang1/go-forecaster/options.go:79.21,81.3 1 0
github.com/aouyang1/go-forecaster/options.go:82.2,82.19 1 0
github.com/aouyang1/go-forecaster/util.go:14.118,38.30 5 0
github.com/aouyang1/go-forecaster/util.go:38.30,40.34 2 0
github.com/aouyang1/go-forecaster/util.go:40.34,41.14 1 0
github.com/aouyang1/go-forecaster/util.go:41.14,43.5 1 0
github.com/aouyang1/go-forecaster/util.go:45.4,45.79 1 0
github.com/aouyang1/go-forecaster/util.go:49.2,65.36 3 0
github.com/aouyang1/go-forecaster/util.go:65.36,66.13 1 0
github.com/aouyang1/go-forecaster/util.go:66.13,68.12 2 0
github.com/aouyang1/go-forecaster/util.go:70.3,70.38 1 0
github.com/aouyang1/go-forecaster/util.go:73.2,73.13 1 0
github.com/aouyang1/go-forecaster/util.go:78.103,109.37 10 0
github.com/aouyang1/go-forecaster/util.go:109.37,114.3 4 0
github.com/aouyang1/go-forecaster/util.go:116.2,116.42 1 0
github.com/aouyang1/go-forecaster/util.go:116.42,120.3 3 0
github.com/aouyang1/go-forecaster/util.go:122.2,141.13 3 0
github.com/aouyang1/go-forecaster/util.go:145.41,146.21 1 0
github.com/aouyang1/go-forecaster/util.go:146.21,148.3 1 0
github.com/aouyang1/go-forecaster/util.go:149.2,149.12 1 0
github.com/aouyang1/go-forecaster/changepoint/changepoint.go:10.48,12.2 1 0
github.com/aouyang1/go-forecaster/feature/changepoint.go:25.69,27.2 1 0
github.com/aouyang1/go-forecaster/feature/changepoint.go:30.38,32.2 1 0
github.com/aouyang1/go-forecaster/feature/changepoint.go:36.55,37.32 1 0
github.com/aouyang1/go-forecaster/feature/changepoint.go:38.14,39.22 1 0
github.com/aouyang1/go-forecaster/feature/changepoint.go:40.31,41.41 1 0
github.com/aouyang1/go-forecaster/feature/changepoint.go:43.2,43.18 1 0
github.com/aouyang1/go-forecaster/feature/changepoint.go:47.41,49.2 1 0
github.com/aouyang1/go-forecaster/feature/changepoint.go:52.49,57.2 4 0
github.com/aouyang1/go-forecaster/feature/changepoint.go:61.56,67.16 3 0
github.com/aouyang1/go-forecaster/feature/changepoint.go:67.16,69.3 1 0
github.com/aouyang1/go-forecaster/feature/changepoint.go:70.2,72.12 3 0
github.com/aouyang1/go-forecaster/feature/seasonality.go:27.77,29.2 1 588
github.com/aouyang1/go-forecaster/feature/seasonality.go:32.38,34.2 1 22814
github.com/aouyang1/go-forecaster/feature/seasonality.go:38.55,39.32 1 112
github.com/aouyang1/go-forecaster/feature/seasonality.go:40.14,41.22 1 112
github.com/aouyang1/go-forecaster/feature/seasonality.go:42.27,43.37 1 0
github.com/aouyang1/go-forecaster/feature/seasonality.go:44.15,45.37 1 0
github.com/aouyang1/go-forecaster/feature/seasonality.go:47.2,47.18 1 0
github.com/aouyang1/go-forecaster/feature/seasonality.go:51.41,53.2 1 504
github.com/aouyang1/go-forecaster/feature/seasonality.go:56.49,62.2 5 168
github.com/aouyang1/go-forecaster/feature/seasonality.go:66.56,73.16 3 840
github.com/aouyang1/go-forecaster/feature/seasonality.go:73.16,75.3 1 0
github.com/aouyang1/go-forecaster/feature/seasonality.go:76.2,79.16 4 840
github.com/aouyang1/go-forecaster/feature/seasonality.go:79.16,81.3 1 0
github.com/aouyang1/go-forecaster/feature/seasonality.go:82.2,82.12 1 840
github.com/aouyang1/go-forecaster/feature/set.go:17.20,21.2 1 170
github.com/aouyang1/go-forecaster/feature/set.go:23.25,25.2 1 54
github.com/aouyang1/go-forecaster/feature/set.go:27.48,31.2 3 266
github.com/aouyang1/go-forecaster/feature/set.go:33.46,35.40 2 854
github.com/aouyang1/go-forecaster/feature/set.go:35.40,37.3 1 854
github.com/aouyang1/go-forecaster/feature/set.go:38.2,38.21 1 854
github.com/aouyang1/go-forecaster/feature/set.go:41.30,43.40 2 204
github.com/aouyang1/go-forecaster/feature/set.go:43.40,45.3 1 0
github.com/aouyang1/go-forecaster/feature/set.go:46.2,47.29 2 204
github.com/aouyang1/go-forecaster/feature/set.go:47.29,48.31 1 3396
github.com/aouyang1/go-forecaster/feature/set.go:48.31,52.9 4 204
github.com/aouyang1/go-forecaster/feature/set.go:55.2,55.25 1 204
github.com/aouyang1/go-forecaster/feature/set.go:58.34,59.18 1 78
github.com/aouyang1/go-forecaster/feature/set.go:59.18,61.3 1 0
github.com/aouyang1/go-forecaster/feature/set.go:62.2,62.22 1 78
github.com/aouyang1/go-forecaster/feature/set.go:62.22,64.3 1 0
github.com/aouyang1/go-forecaster/feature/set.go:65.2,65.33 1 78
github.com/aouyang1/go-forecaster/feature/set.go:65.33,67.41 2 588
github.com/aouyang1/go-forecaster/feature/set.go:67.41,69.4 1 588
github.com/aouyang1/go-forecaster/feature/set.go:70.3,70.34 1 588
github.com/aouyang1/go-forecaster/feature/set.go:75.34,76.14 1 118
github.com/aouyang1/go-forecaster/feature/set.go:76.14,78.3 1 0
github.com/aouyang1/go-forecaster/feature/set.go:80.2,84.23 3 118
github.com/aouyang1/go-forecaster/feature/set.go:84.23,86.4 1 6030
github.com/aouyang1/go-forecaster/feature/set.go:88.2,88.15 1 118
github.com/aouyang1/go-forecaster/feature/set.go:94.49,95.14 1 38
github.com/aouyang1/go-forecaster/feature/set.go:95.14,97.3 1 0
github.com/aouyang1/go-forecaster/feature/set.go:99.2,100.29 2 38
github.com/aouyang1/go-forecaster/feature/set.go:100.29,102.3 1 0
github.com/aouyang1/go-forecaster/feature/set.go:104.2,106.39 2 38
github.com/aouyang1/go-forecaster/feature/set.go:106.39,108.8 2 38
github.com/aouyang1/go-forecaster/feature/set.go:110.2,111.15 2 38
github.com/aouyang1/go-forecaster/feature/set.go:111.15,113.3 1 24
github.com/aouyang1/go-forecaster/feature/set.go:115.2,118.15 3 38
github.com/aouyang1/go-forecaster/feature/set.go:118.15,119.26 1 24
github.com/aouyang1/go-forecaster/feature/set.go:119.26,122.4 2 356222
github.com/aouyang1/go-forecaster/feature/set.go:123.3,123.15 1 24
github.com/aouyang1/go-forecaster/feature/set.go:126.2,126.38 1 38
github.com/aouyang1/go-forecaster/feature/set.go:126.38,127.45 1 600
github.com/aouyang1/go-forecaster/feature/set.go:127.45,131.4 2 9087516
github.com/aouyang1/go-forecaster/feature/set.go:132.3,132.15 1 600
github.com/aouyang1/go-forecaster/feature/set.go:134.2,134.32 1 38
github.com/aouyang1/go-forecaster/feature/time.go:15.33,17.2 1 100
github.com/aouyang1/go-forecaster/feature/time.go:20.31,22.2 1 100
github.com/aouyang1/go-forecaster/feature/time.go:26.48,27.32 1 0
github.com/aouyang1/go-forecaster/feature/time.go:28.14,29.22 1 0
github.com/aouyang1/go-forecaster/feature/time.go:31.2,31.18 1 0
github.com/aouyang1/go-forecaster/feature/time.go:35.34,37.2 1 0
github.com/aouyang1/go-forecaster/feature/time.go:40.42,44.2 3 0
github.com/aouyang1/go-forecaster/feature/time.go:48.49,50.2 1 0
github.com/aouyang1/go-forecaster/stats/stat.go:16.83,34.30 15 6
github.com/aouyang1/go-forecaster/stats/stat.go:34.30,35.35 1 86410
github.com/aouyang1/go-forecaster/stats/stat.go:35.35,37.4 1 163
github.com/aouyang1/go-forecaster/stats/stat.go:39.2,39.19 1 6
github.com/aouyang1/go-forecaster/timedataset/timedataset.go:23.77,24.17 1 21
github.com/aouyang1/go-forecaster/timedataset/timedataset.go:24.17,26.3 1 1
github.com/aouyang1/go-forecaster/timedataset/timedataset.go:27.2,27.22 1 20
github.com/aouyang1/go-forecaster/timedataset/timedataset.go:27.22,32.3 1 0
github.com/aouyang1/go-forecaster/timedataset/timedataset.go:34.2,35.30 2 20
github.com/aouyang1/go-forecaster/timedataset/timedataset.go:35.30,37.48 2 224104
github.com/aouyang1/go-forecaster/timedataset/timedataset.go:37.48,39.4 1 0
github.com/aouyang1/go-forecaster/timedataset/timedataset.go:40.3,40.16 1 224104
github.com/aouyang1/go-forecaster/timedataset/timedataset.go:43.2,52.16 6 20
github.com/aouyang1/go-forecaster/timedataset/timedataset.go:55.44,64.2 5 5
